This is pdfTeX, Version 3.14159265-2.6-1.40.19 (TeX Live 2018) (preloaded format=pdflatex 2018.12.7)  8 MAY 2019 23:59
entering extended mode
 restricted \write18 enabled.
 %&-line parsing enabled.
**diploma_thesis.tex
(./diploma_thesis.tex
LaTeX2e <2018-04-01> patch level 5
(/usr/share/texlive/texmf-dist/tex/latex/base/book.cls
Document Class: book 2014/09/29 v1.4h Standard LaTeX document class
(/usr/share/texlive/texmf-dist/tex/latex/base/bk12.clo
File: bk12.clo 2014/09/29 v1.4h Standard LaTeX file (size option)
)
\c@part=\count80
\c@chapter=\count81
\c@section=\count82
\c@subsection=\count83
\c@subsubsection=\count84
\c@paragraph=\count85
\c@subparagraph=\count86
\c@figure=\count87
\c@table=\count88
\abovecaptionskip=\skip41
\belowcaptionskip=\skip42
\bibindent=\dimen102
)
(/usr/share/texlive/texmf-dist/tex/latex/graphics/graphicx.sty
Package: graphicx 2017/06/01 v1.1a Enhanced LaTeX Graphics (DPC,SPQR)

(/usr/share/texlive/texmf-dist/tex/latex/graphics/keyval.sty
Package: keyval 2014/10/28 v1.15 key=value parser (DPC)
\KV@toks@=\toks14
)
(/usr/share/texlive/texmf-dist/tex/latex/graphics/graphics.sty
Package: graphics 2017/06/25 v1.2c Standard LaTeX Graphics (DPC,SPQR)

(/usr/share/texlive/texmf-dist/tex/latex/graphics/trig.sty
Package: trig 2016/01/03 v1.10 sin cos tan (DPC)
)
(/usr/share/texlive/texmf-dist/tex/latex/graphics-cfg/graphics.cfg
File: graphics.cfg 2016/06/04 v1.11 sample graphics configuration
)
Package graphics Info: Driver file: pdftex.def on input line 99.

(/usr/share/texlive/texmf-dist/tex/latex/graphics-def/pdftex.def
File: pdftex.def 2018/01/08 v1.0l Graphics/color driver for pdftex
))
\Gin@req@height=\dimen103
\Gin@req@width=\dimen104
)
(/usr/share/texlive/texmf-dist/tex/latex/changepage/chngpage.sty
Package: chngpage 2009/10/20 v1.2b change page layout
\c@cp@cnt=\count89
\c@cp@tempcnt=\count90
)
(/usr/share/texlive/texmf-dist/tex/latex/tools/xspace.sty
Package: xspace 2014/10/28 v1.13 Space after command names (DPC,MH)
)
(/usr/share/texlive/texmf-dist/tex/latex/base/ifthen.sty
Package: ifthen 2014/09/29 v1.1c Standard LaTeX ifthen package (DPC)
)
(/usr/share/texlive/texmf-dist/tex/latex/graphics/epsfig.sty
Package: epsfig 2017/06/25 v1.7b (e)psfig emulation (SPQR)
\epsfxsize=\dimen105
\epsfysize=\dimen106
)
(/usr/share/texlive/texmf-dist/tex/latex/cite/cite.sty
LaTeX Info: Redefining \cite on input line 302.
LaTeX Info: Redefining \nocite on input line 332.
Package: cite 2015/02/27  v 5.5
)
(/usr/share/texlive/texmf-dist/tex/latex/graphics/color.sty
Package: color 2016/07/10 v1.1e Standard LaTeX Color (DPC)

(/usr/share/texlive/texmf-dist/tex/latex/graphics-cfg/color.cfg
File: color.cfg 2016/01/02 v1.6 sample color configuration
)
Package color Info: Driver file: pdftex.def on input line 147.
)
(/usr/share/texlive/texmf-dist/tex/latex/fancybox/fancybox.sty
Package: fancybox 2010/05/15 1.4

Style option: `fancybox' v1.4 <2010/05/15> (tvz)
\@fancybox=\box26
\shadowsize=\dimen107
\@Sbox=\box27
\do@VerbBox=\toks15
\the@fancyput=\toks16
\this@fancyput=\toks17
\EndVerbatimTokens=\toks18
\Verbatim@Outfile=\write3
\Verbatim@Infile=\read1
) (/usr/share/texlive/texmf-dist/tex/latex/setspace/setspace.sty
Package: setspace 2011/12/19 v6.7a set line spacing
)
(/usr/share/texlive/texmf-dist/tex/latex/subfigure/subfigure.sty
Package: subfigure 2002/03/15 v2.1.5 subfigure package
\subfigtopskip=\skip43
\subfigcapskip=\skip44
\subfigcaptopadj=\dimen108
\subfigbottomskip=\skip45
\subfigcapmargin=\dimen109
\subfiglabelskip=\skip46
\c@subfigure=\count91
\c@lofdepth=\count92
\c@subtable=\count93
\c@lotdepth=\count94

****************************************
* Local config file subfigure.cfg used *
****************************************
(/usr/share/texlive/texmf-dist/tex/latex/subfigure/subfigure.cfg)
\subfig@top=\skip47
\subfig@bottom=\skip48
)
(/usr/share/texlive/texmf-dist/tex/latex/tools/longtable.sty
Package: longtable 2014/10/28 v4.11 Multi-page Table package (DPC)
\LTleft=\skip49
\LTright=\skip50
\LTpre=\skip51
\LTpost=\skip52
\LTchunksize=\count95
\LTcapwidth=\dimen110
\LT@head=\box28
\LT@firsthead=\box29
\LT@foot=\box30
\LT@lastfoot=\box31
\LT@cols=\count96
\LT@rows=\count97
\c@LT@tables=\count98
\c@LT@chunks=\count99
\LT@p@ftn=\toks19
)
(/usr/share/texlive/texmf-dist/tex/latex/tools/tabularx.sty
Package: tabularx 2016/02/03 v2.11b `tabularx' package (DPC)

(/usr/share/texlive/texmf-dist/tex/latex/tools/array.sty
Package: array 2018/04/30 v2.4h Tabular extension package (FMi)
\col@sep=\dimen111
\ar@mcellbox=\box32
\extrarowheight=\dimen112
\NC@list=\toks20
\extratabsurround=\skip53
\backup@length=\skip54
\ar@cellbox=\box33
)
\TX@col@width=\dimen113
\TX@old@table=\dimen114
\TX@old@col=\dimen115
\TX@target=\dimen116
\TX@delta=\dimen117
\TX@cols=\count100
\TX@ftn=\toks21
)
(/usr/share/texlive/texmf-dist/tex/latex/carlisle/ltxtable.sty
Package: ltxtable 1995/12/11 v0.2 longtable/tabularx merge (DPC)
)
(/usr/share/texlive/texmf-dist/tex/latex/psnfss/times.sty
Package: times 2005/04/12 PSNFSS-v9.2a (SPQR) 
)
(/usr/share/texlive/texmf-dist/tex/latex/url/url.sty
\Urlmuskip=\muskip10
Package: url 2013/09/16  ver 3.4  Verb mode for urls, etc.
)
(/usr/share/texlive/texmf-dist/tex/latex/listings/listings.sty
\lst@mode=\count101
\lst@gtempboxa=\box34
\lst@token=\toks22
\lst@length=\count102
\lst@currlwidth=\dimen118
\lst@column=\count103
\lst@pos=\count104
\lst@lostspace=\dimen119
\lst@width=\dimen120
\lst@newlines=\count105
\lst@lineno=\count106
\lst@maxwidth=\dimen121

(/usr/share/texlive/texmf-dist/tex/latex/listings/lstmisc.sty
File: lstmisc.sty 2015/06/04 1.6 (Carsten Heinz)
\c@lstnumber=\count107
\lst@skipnumbers=\count108
\lst@framebox=\box35
)
(/usr/share/texlive/texmf-dist/tex/latex/listings/listings.cfg
File: listings.cfg 2015/06/04 1.6 listings configuration
))
Package: listings 2015/06/04 1.6 (Carsten Heinz)

(/usr/share/texlive/texmf-dist/tex/latex/amsmath/amsmath.sty
Package: amsmath 2017/09/02 v2.17a AMS math features
\@mathmargin=\skip55

For additional information on amsmath, use the `?' option.
(/usr/share/texlive/texmf-dist/tex/latex/amsmath/amstext.sty
Package: amstext 2000/06/29 v2.01 AMS text

(/usr/share/texlive/texmf-dist/tex/latex/amsmath/amsgen.sty
File: amsgen.sty 1999/11/30 v2.0 generic functions
\@emptytoks=\toks23
\ex@=\dimen122
))
(/usr/share/texlive/texmf-dist/tex/latex/amsmath/amsbsy.sty
Package: amsbsy 1999/11/29 v1.2d Bold Symbols
\pmbraise@=\dimen123
)
(/usr/share/texlive/texmf-dist/tex/latex/amsmath/amsopn.sty
Package: amsopn 2016/03/08 v2.02 operator names
)
\inf@bad=\count109
LaTeX Info: Redefining \frac on input line 213.
\uproot@=\count110
\leftroot@=\count111
LaTeX Info: Redefining \overline on input line 375.
\classnum@=\count112
\DOTSCASE@=\count113
LaTeX Info: Redefining \ldots on input line 472.
LaTeX Info: Redefining \dots on input line 475.
LaTeX Info: Redefining \cdots on input line 596.
\Mathstrutbox@=\box36
\strutbox@=\box37
\big@size=\dimen124
LaTeX Font Info:    Redeclaring font encoding OML on input line 712.
LaTeX Font Info:    Redeclaring font encoding OMS on input line 713.
\macc@depth=\count114
\c@MaxMatrixCols=\count115
\dotsspace@=\muskip11
\c@parentequation=\count116
\dspbrk@lvl=\count117
\tag@help=\toks24
\row@=\count118
\column@=\count119
\maxfields@=\count120
\andhelp@=\toks25
\eqnshift@=\dimen125
\alignsep@=\dimen126
\tagshift@=\dimen127
\tagwidth@=\dimen128
\totwidth@=\dimen129
\lineht@=\dimen130
\@envbody=\toks26
\multlinegap=\skip56
\multlinetaggap=\skip57
\mathdisplay@stack=\toks27
LaTeX Info: Redefining \[ on input line 2817.
LaTeX Info: Redefining \] on input line 2818.
)
(/usr/share/texlive/texmf-dist/tex/generic/babel/babel.sty
Package: babel 2018/06/05 3.22 The Babel package

(/usr/share/texlive/texmf-dist/tex/generic/babel/switch.def
File: switch.def 2018/06/05 3.22 Babel switching mechanism
)
(/usr/share/texlive/texmf-dist/tex/generic/babel-english/american.ldf
Language: american 2017/06/06 v3.3r English support from the babel system

(/usr/share/texlive/texmf-dist/tex/generic/babel-english/english.ldf
Language: english 2017/06/06 v3.3r English support from the babel system

(/usr/share/texlive/texmf-dist/tex/generic/babel/babel.def
File: babel.def 2018/06/05 3.22 Babel common definitions
\babel@savecnt=\count121
\U@D=\dimen131

(/usr/share/texlive/texmf-dist/tex/generic/babel/txtbabel.def)
\bbl@dirlevel=\count122
)
\l@british = a dialect from \language\l@english 
\l@UKenglish = a dialect from \language\l@english 
\l@canadian = a dialect from \language\l@american 
\l@australian = a dialect from \language\l@british 
\l@newzealand = a dialect from \language\l@british 
))
(/usr/share/texlive/texmf-dist/tex/generic/babel-german/ngerman.ldf
Language: ngerman 2018/03/29 v2.10 German support for babel (post-1996 orthogra
phy)

(/usr/share/texlive/texmf-dist/tex/generic/babel-german/ngermanb.ldf
Language: ngermanb 2018/03/29 v2.10 German support for babel (post-1996 orthogr
aphy)


Package babel Warning: No hyphenation patterns were preloaded for
(babel)                the language `German (new orthography)' into the format.

(babel)                Please, configure your TeX system to add them and
(babel)                rebuild the format. Now I will use the patterns
(babel)                preloaded for english instead on input line 47.

\l@ngerman = a dialect from \language0
Package babel Info: Making " an active character on input line 121.
))) (/usr/share/texlive/texmf-dist/tex/latex/base/inputenc.sty
Package: inputenc 2018/04/06 v1.3b Input encoding file
\inpenc@prehook=\toks28
\inpenc@posthook=\toks29

(/usr/share/texlive/texmf-dist/tex/latex/base/ansinew.def
File: ansinew.def 2018/04/06 v1.3b Input encoding file
))
(/usr/share/texlive/texmf-dist/tex/latex/fancyhdr/fancyhdr.sty
Package: fancyhdr 2017/06/30 v3.9a Extensive control of page headers and footer
s
\f@nch@headwidth=\skip58
\f@nch@O@elh=\skip59
\f@nch@O@erh=\skip60
\f@nch@O@olh=\skip61
\f@nch@O@orh=\skip62
\f@nch@O@elf=\skip63
\f@nch@O@erf=\skip64
\f@nch@O@olf=\skip65
\f@nch@O@orf=\skip66
)
(./styles/kitthesiscover.sty

LaTeX Warning: You have requested package `styles/kitthesiscover',
               but the package provides `kitthesiscover'.

Package: kitthesiscover 2010/11/11 thesis cover for KIT
(/usr/share/texlive/texmf-dist/tex/latex/base/fontenc.sty
Package: fontenc 2017/04/05 v2.0i Standard LaTeX package

(/usr/share/texlive/texmf-dist/tex/latex/base/t1enc.def
File: t1enc.def 2017/04/05 v2.0i Standard LaTeX file
LaTeX Font Info:    Redeclaring font encoding T1 on input line 48.
)))
(/usr/share/texlive/texmf-dist/tex/latex/hyperref/hyperref.sty
Package: hyperref 2018/02/06 v6.86b Hypertext links for LaTeX

(/usr/share/texlive/texmf-dist/tex/generic/oberdiek/hobsub-hyperref.sty
Package: hobsub-hyperref 2016/05/16 v1.14 Bundle oberdiek, subset hyperref (HO)


(/usr/share/texlive/texmf-dist/tex/generic/oberdiek/hobsub-generic.sty
Package: hobsub-generic 2016/05/16 v1.14 Bundle oberdiek, subset generic (HO)
Package: hobsub 2016/05/16 v1.14 Construct package bundles (HO)
Package: infwarerr 2016/05/16 v1.4 Providing info/warning/error messages (HO)
Package: ltxcmds 2016/05/16 v1.23 LaTeX kernel commands for general use (HO)
Package: ifluatex 2016/05/16 v1.4 Provides the ifluatex switch (HO)
Package ifluatex Info: LuaTeX not detected.
Package: ifvtex 2016/05/16 v1.6 Detect VTeX and its facilities (HO)
Package ifvtex Info: VTeX not detected.
Package: intcalc 2016/05/16 v1.2 Expandable calculations with integers (HO)
Package: ifpdf 2017/03/15 v3.2 Provides the ifpdf switch
Package: etexcmds 2016/05/16 v1.6 Avoid name clashes with e-TeX commands (HO)
Package etexcmds Info: Could not find \expanded.
(etexcmds)             That can mean that you are not using pdfTeX 1.50 or
(etexcmds)             that some package has redefined \expanded.
(etexcmds)             In the latter case, load this package earlier.
Package: kvsetkeys 2016/05/16 v1.17 Key value parser (HO)
Package: kvdefinekeys 2016/05/16 v1.4 Define keys (HO)
Package: pdftexcmds 2018/01/30 v0.27 Utility functions of pdfTeX for LuaTeX (HO
)
Package pdftexcmds Info: LuaTeX not detected.
Package pdftexcmds Info: \pdf@primitive is available.
Package pdftexcmds Info: \pdf@ifprimitive is available.
Package pdftexcmds Info: \pdfdraftmode found.
Package: pdfescape 2016/05/16 v1.14 Implements pdfTeX's escape features (HO)
Package: bigintcalc 2016/05/16 v1.4 Expandable calculations on big integers (HO
)
Package: bitset 2016/05/16 v1.2 Handle bit-vector datatype (HO)
Package: uniquecounter 2016/05/16 v1.3 Provide unlimited unique counter (HO)
)
Package hobsub Info: Skipping package `hobsub' (already loaded).
Package: letltxmacro 2016/05/16 v1.5 Let assignment for LaTeX macros (HO)
Package: hopatch 2016/05/16 v1.3 Wrapper for package hooks (HO)
Package: xcolor-patch 2016/05/16 xcolor patch
Package: atveryend 2016/05/16 v1.9 Hooks at the very end of document (HO)
Package atveryend Info: \enddocument detected (standard20110627).
Package: atbegshi 2016/06/09 v1.18 At begin shipout hook (HO)
Package: refcount 2016/05/16 v3.5 Data extraction from label references (HO)
Package: hycolor 2016/05/16 v1.8 Color options for hyperref/bookmark (HO)
)
(/usr/share/texlive/texmf-dist/tex/generic/ifxetex/ifxetex.sty
Package: ifxetex 2010/09/12 v0.6 Provides ifxetex conditional
)
(/usr/share/texlive/texmf-dist/tex/latex/oberdiek/auxhook.sty
Package: auxhook 2016/05/16 v1.4 Hooks for auxiliary files (HO)
)
(/usr/share/texlive/texmf-dist/tex/latex/oberdiek/kvoptions.sty
Package: kvoptions 2016/05/16 v3.12 Key value format for package options (HO)
)
\@linkdim=\dimen132
\Hy@linkcounter=\count123
\Hy@pagecounter=\count124

(/usr/share/texlive/texmf-dist/tex/latex/hyperref/pd1enc.def
File: pd1enc.def 2018/02/06 v6.86b Hyperref: PDFDocEncoding definition (HO)
Now handling font encoding PD1 ...
... no UTF-8 mapping file for font encoding PD1
)
\Hy@SavedSpaceFactor=\count125

(/usr/share/texlive/texmf-dist/tex/latex/latexconfig/hyperref.cfg
File: hyperref.cfg 2002/06/06 v1.2 hyperref configuration of TeXLive
)
Package hyperref Info: Hyper figures OFF on input line 4509.
Package hyperref Info: Link nesting OFF on input line 4514.
Package hyperref Info: Hyper index ON on input line 4517.
Package hyperref Info: Plain pages OFF on input line 4524.
Package hyperref Info: Backreferencing OFF on input line 4529.
Package hyperref Info: Implicit mode ON; LaTeX internals redefined.
Package hyperref Info: Bookmarks ON on input line 4762.
\c@Hy@tempcnt=\count126
LaTeX Info: Redefining \url on input line 5115.
\XeTeXLinkMargin=\dimen133
\Fld@menulength=\count127
\Field@Width=\dimen134
\Fld@charsize=\dimen135
Package hyperref Info: Hyper figures OFF on input line 6369.
Package hyperref Info: Link nesting OFF on input line 6374.
Package hyperref Info: Hyper index ON on input line 6377.
Package hyperref Info: backreferencing OFF on input line 6384.
Package hyperref Info: Link coloring OFF on input line 6389.
Package hyperref Info: Link coloring with OCG OFF on input line 6394.
Package hyperref Info: PDF/A mode OFF on input line 6399.
LaTeX Info: Redefining \ref on input line 6439.
LaTeX Info: Redefining \pageref on input line 6443.
\Hy@abspage=\count128
\c@Item=\count129
\c@Hfootnote=\count130
)
Package hyperref Info: Driver (autodetected): hpdftex.

(/usr/share/texlive/texmf-dist/tex/latex/hyperref/hpdftex.def
File: hpdftex.def 2018/02/06 v6.86b Hyperref driver for pdfTeX
\Fld@listcount=\count131
\c@bookmark@seq@number=\count132

(/usr/share/texlive/texmf-dist/tex/latex/oberdiek/rerunfilecheck.sty
Package: rerunfilecheck 2016/05/16 v1.8 Rerun checks for auxiliary files (HO)
Package uniquecounter Info: New unique counter `rerunfilecheck' on input line 2
82.
)
\Hy@SectionHShift=\skip67
)
(/usr/share/texlive/texmf-dist/tex/latex/algorithm2e/algorithm2e.sty
Package: algorithm2e 2017/07/18 v5.2 algorithms environments
\c@AlgoLine=\count133
\algocf@hangindent=\skip68

(/usr/share/texlive/texmf-dist/tex/latex/ifoddpage/ifoddpage.sty
Package: ifoddpage 2016/04/23 v1.1 Conditionals for odd/even page detection
\c@checkoddpage=\count134
LaTeX Info: Redefining \checkoddpage on input line 45.
)
(/usr/share/texlive/texmf-dist/tex/latex/relsize/relsize.sty
Package: relsize 2013/03/29 ver 4.1
)
\skiptotal=\skip69
\skiplinenumber=\skip70
\skiprule=\skip71
\skiphlne=\skip72
\skiptext=\skip73
\skiplength=\skip74
\algomargin=\skip75
\skipalgocfslide=\skip76
\algowidth=\dimen136
\inoutsize=\dimen137
\inoutindent=\dimen138
\interspacetitleruled=\dimen139
\interspacealgoruled=\dimen140
\interspacetitleboxruled=\dimen141
\algocf@ruledwidth=\skip77
\algocf@inoutbox=\box38
\algocf@inputbox=\box39
\AlCapSkip=\skip78
\AlCapHSkip=\skip79
\algoskipindent=\skip80
\algocf@nlbox=\box40
\algocf@hangingbox=\box41
\algocf@untilbox=\box42
\algocf@skipuntil=\skip81
\algocf@capbox=\box43
\algocf@lcaptionbox=\skip82
\algoheightruledefault=\skip83
\algoheightrule=\skip84
\algotitleheightruledefault=\skip85
\algotitleheightrule=\skip86
\c@algocfline=\count135
\c@algocfproc=\count136
\c@algocf=\count137
\algocf@algoframe=\box44
\algocf@algobox=\box45
)
(/usr/share/texlive/texmf-dist/tex/latex/todonotes/todonotes.sty
Package: todonotes 2015/07/09 .dtx Todonotes source and documentation.
Package: todonotes 2012/07/25

(/usr/share/texlive/texmf-dist/tex/latex/xkeyval/xkeyval.sty
Package: xkeyval 2014/12/03 v2.7a package option processing (HA)

(/usr/share/texlive/texmf-dist/tex/generic/xkeyval/xkeyval.tex
(/usr/share/texlive/texmf-dist/tex/generic/xkeyval/xkvutils.tex
\XKV@toks=\toks30
\XKV@tempa@toks=\toks31
)
\XKV@depth=\count138
File: xkeyval.tex 2014/12/03 v2.7a key=value parser (HA)
))
(/usr/share/texlive/texmf-dist/tex/latex/xcolor/xcolor.sty
Package: xcolor 2016/05/11 v2.12 LaTeX color extensions (UK)

(/usr/share/texlive/texmf-dist/tex/latex/graphics-cfg/color.cfg
File: color.cfg 2016/01/02 v1.6 sample color configuration
)
Package xcolor Info: Driver file: pdftex.def on input line 225.
LaTeX Info: Redefining \color on input line 709.
Package xcolor Info: Model `cmy' substituted by `cmy0' on input line 1348.
Package xcolor Info: Model `hsb' substituted by `rgb' on input line 1352.
Package xcolor Info: Model `RGB' extended on input line 1364.
Package xcolor Info: Model `HTML' substituted by `rgb' on input line 1366.
Package xcolor Info: Model `Hsb' substituted by `hsb' on input line 1367.
Package xcolor Info: Model `tHsb' substituted by `hsb' on input line 1368.
Package xcolor Info: Model `HSB' substituted by `hsb' on input line 1369.
Package xcolor Info: Model `Gray' substituted by `gray' on input line 1370.
Package xcolor Info: Model `wave' substituted by `hsb' on input line 1371.
)
(/usr/share/texlive/texmf-dist/tex/latex/pgf/frontendlayer/tikz.sty
(/usr/share/texlive/texmf-dist/tex/latex/pgf/basiclayer/pgf.sty
(/usr/share/texlive/texmf-dist/tex/latex/pgf/utilities/pgfrcs.sty
(/usr/share/texlive/texmf-dist/tex/generic/pgf/utilities/pgfutil-common.tex
\pgfutil@everybye=\toks32
\pgfutil@tempdima=\dimen142
\pgfutil@tempdimb=\dimen143

(/usr/share/texlive/texmf-dist/tex/generic/pgf/utilities/pgfutil-common-lists.t
ex)) (/usr/share/texlive/texmf-dist/tex/generic/pgf/utilities/pgfutil-latex.def
\pgfutil@abb=\box46
(/usr/share/texlive/texmf-dist/tex/latex/ms/everyshi.sty
Package: everyshi 2001/05/15 v3.00 EveryShipout Package (MS)
))
(/usr/share/texlive/texmf-dist/tex/generic/pgf/utilities/pgfrcs.code.tex
Package: pgfrcs 2015/08/07 v3.0.1a (rcs-revision 1.31)
))
Package: pgf 2015/08/07 v3.0.1a (rcs-revision 1.15)

(/usr/share/texlive/texmf-dist/tex/latex/pgf/basiclayer/pgfcore.sty
(/usr/share/texlive/texmf-dist/tex/latex/pgf/systemlayer/pgfsys.sty
(/usr/share/texlive/texmf-dist/tex/generic/pgf/systemlayer/pgfsys.code.tex
Package: pgfsys 2014/07/09 v3.0.1a (rcs-revision 1.48)

(/usr/share/texlive/texmf-dist/tex/generic/pgf/utilities/pgfkeys.code.tex
\pgfkeys@pathtoks=\toks33
\pgfkeys@temptoks=\toks34

(/usr/share/texlive/texmf-dist/tex/generic/pgf/utilities/pgfkeysfiltered.code.t
ex
\pgfkeys@tmptoks=\toks35
))
\pgf@x=\dimen144
\pgf@y=\dimen145
\pgf@xa=\dimen146
\pgf@ya=\dimen147
\pgf@xb=\dimen148
\pgf@yb=\dimen149
\pgf@xc=\dimen150
\pgf@yc=\dimen151
\w@pgf@writea=\write4
\r@pgf@reada=\read2
\c@pgf@counta=\count139
\c@pgf@countb=\count140
\c@pgf@countc=\count141
\c@pgf@countd=\count142
\t@pgf@toka=\toks36
\t@pgf@tokb=\toks37
\t@pgf@tokc=\toks38
 (/usr/share/texlive/texmf-dist/tex/generic/pgf/systemlayer/pgf.cfg
File: pgf.cfg 2008/05/14  (rcs-revision 1.7)
)
Driver file for pgf: pgfsys-pdftex.def

(/usr/share/texlive/texmf-dist/tex/generic/pgf/systemlayer/pgfsys-pdftex.def
File: pgfsys-pdftex.def 2014/10/11  (rcs-revision 1.35)

(/usr/share/texlive/texmf-dist/tex/generic/pgf/systemlayer/pgfsys-common-pdf.de
f
File: pgfsys-common-pdf.def 2013/10/10  (rcs-revision 1.13)
)))
(/usr/share/texlive/texmf-dist/tex/generic/pgf/systemlayer/pgfsyssoftpath.code.
tex
File: pgfsyssoftpath.code.tex 2013/09/09  (rcs-revision 1.9)
\pgfsyssoftpath@smallbuffer@items=\count143
\pgfsyssoftpath@bigbuffer@items=\count144
)
(/usr/share/texlive/texmf-dist/tex/generic/pgf/systemlayer/pgfsysprotocol.code.
tex
File: pgfsysprotocol.code.tex 2006/10/16  (rcs-revision 1.4)
))
(/usr/share/texlive/texmf-dist/tex/generic/pgf/basiclayer/pgfcore.code.tex
Package: pgfcore 2010/04/11 v3.0.1a (rcs-revision 1.7)

(/usr/share/texlive/texmf-dist/tex/generic/pgf/math/pgfmath.code.tex
(/usr/share/texlive/texmf-dist/tex/generic/pgf/math/pgfmathcalc.code.tex
(/usr/share/texlive/texmf-dist/tex/generic/pgf/math/pgfmathutil.code.tex)
(/usr/share/texlive/texmf-dist/tex/generic/pgf/math/pgfmathparser.code.tex
\pgfmath@dimen=\dimen152
\pgfmath@count=\count145
\pgfmath@box=\box47
\pgfmath@toks=\toks39
\pgfmath@stack@operand=\toks40
\pgfmath@stack@operation=\toks41
)
(/usr/share/texlive/texmf-dist/tex/generic/pgf/math/pgfmathfunctions.code.tex
(/usr/share/texlive/texmf-dist/tex/generic/pgf/math/pgfmathfunctions.basic.code
.tex)
(/usr/share/texlive/texmf-dist/tex/generic/pgf/math/pgfmathfunctions.trigonomet
ric.code.tex)
(/usr/share/texlive/texmf-dist/tex/generic/pgf/math/pgfmathfunctions.random.cod
e.tex)
(/usr/share/texlive/texmf-dist/tex/generic/pgf/math/pgfmathfunctions.comparison
.code.tex)
(/usr/share/texlive/texmf-dist/tex/generic/pgf/math/pgfmathfunctions.base.code.
tex)
(/usr/share/texlive/texmf-dist/tex/generic/pgf/math/pgfmathfunctions.round.code
.tex)
(/usr/share/texlive/texmf-dist/tex/generic/pgf/math/pgfmathfunctions.misc.code.
tex)
(/usr/share/texlive/texmf-dist/tex/generic/pgf/math/pgfmathfunctions.integerari
thmetics.code.tex)))
(/usr/share/texlive/texmf-dist/tex/generic/pgf/math/pgfmathfloat.code.tex
\c@pgfmathroundto@lastzeros=\count146
))
(/usr/share/texlive/texmf-dist/tex/generic/pgf/basiclayer/pgfcorepoints.code.te
x
File: pgfcorepoints.code.tex 2013/10/07  (rcs-revision 1.27)
\pgf@picminx=\dimen153
\pgf@picmaxx=\dimen154
\pgf@picminy=\dimen155
\pgf@picmaxy=\dimen156
\pgf@pathminx=\dimen157
\pgf@pathmaxx=\dimen158
\pgf@pathminy=\dimen159
\pgf@pathmaxy=\dimen160
\pgf@xx=\dimen161
\pgf@xy=\dimen162
\pgf@yx=\dimen163
\pgf@yy=\dimen164
\pgf@zx=\dimen165
\pgf@zy=\dimen166
)
(/usr/share/texlive/texmf-dist/tex/generic/pgf/basiclayer/pgfcorepathconstruct.
code.tex
File: pgfcorepathconstruct.code.tex 2013/10/07  (rcs-revision 1.29)
\pgf@path@lastx=\dimen167
\pgf@path@lasty=\dimen168
)
(/usr/share/texlive/texmf-dist/tex/generic/pgf/basiclayer/pgfcorepathusage.code
.tex
File: pgfcorepathusage.code.tex 2014/11/02  (rcs-revision 1.24)
\pgf@shorten@end@additional=\dimen169
\pgf@shorten@start@additional=\dimen170
)
(/usr/share/texlive/texmf-dist/tex/generic/pgf/basiclayer/pgfcorescopes.code.te
x
File: pgfcorescopes.code.tex 2015/05/08  (rcs-revision 1.46)
\pgfpic=\box48
\pgf@hbox=\box49
\pgf@layerbox@main=\box50
\pgf@picture@serial@count=\count147
)
(/usr/share/texlive/texmf-dist/tex/generic/pgf/basiclayer/pgfcoregraphicstate.c
ode.tex
File: pgfcoregraphicstate.code.tex 2014/11/02  (rcs-revision 1.12)
\pgflinewidth=\dimen171
)
(/usr/share/texlive/texmf-dist/tex/generic/pgf/basiclayer/pgfcoretransformation
s.code.tex
File: pgfcoretransformations.code.tex 2015/08/07  (rcs-revision 1.20)
\pgf@pt@x=\dimen172
\pgf@pt@y=\dimen173
\pgf@pt@temp=\dimen174
)
(/usr/share/texlive/texmf-dist/tex/generic/pgf/basiclayer/pgfcorequick.code.tex
File: pgfcorequick.code.tex 2008/10/09  (rcs-revision 1.3)
)
(/usr/share/texlive/texmf-dist/tex/generic/pgf/basiclayer/pgfcoreobjects.code.t
ex
File: pgfcoreobjects.code.tex 2006/10/11  (rcs-revision 1.2)
)
(/usr/share/texlive/texmf-dist/tex/generic/pgf/basiclayer/pgfcorepathprocessing
.code.tex
File: pgfcorepathprocessing.code.tex 2013/09/09  (rcs-revision 1.9)
)
(/usr/share/texlive/texmf-dist/tex/generic/pgf/basiclayer/pgfcorearrows.code.te
x
File: pgfcorearrows.code.tex 2015/05/14  (rcs-revision 1.43)
\pgfarrowsep=\dimen175
)
(/usr/share/texlive/texmf-dist/tex/generic/pgf/basiclayer/pgfcoreshade.code.tex
File: pgfcoreshade.code.tex 2013/07/15  (rcs-revision 1.15)
\pgf@max=\dimen176
\pgf@sys@shading@range@num=\count148
)
(/usr/share/texlive/texmf-dist/tex/generic/pgf/basiclayer/pgfcoreimage.code.tex
File: pgfcoreimage.code.tex 2013/07/15  (rcs-revision 1.18)

(/usr/share/texlive/texmf-dist/tex/generic/pgf/basiclayer/pgfcoreexternal.code.
tex
File: pgfcoreexternal.code.tex 2014/07/09  (rcs-revision 1.21)
\pgfexternal@startupbox=\box51
))
(/usr/share/texlive/texmf-dist/tex/generic/pgf/basiclayer/pgfcorelayers.code.te
x
File: pgfcorelayers.code.tex 2013/07/18  (rcs-revision 1.7)
)
(/usr/share/texlive/texmf-dist/tex/generic/pgf/basiclayer/pgfcoretransparency.c
ode.tex
File: pgfcoretransparency.code.tex 2013/09/30  (rcs-revision 1.5)
)
(/usr/share/texlive/texmf-dist/tex/generic/pgf/basiclayer/pgfcorepatterns.code.
tex
File: pgfcorepatterns.code.tex 2013/11/07  (rcs-revision 1.5)
)))
(/usr/share/texlive/texmf-dist/tex/generic/pgf/modules/pgfmoduleshapes.code.tex
File: pgfmoduleshapes.code.tex 2014/03/21  (rcs-revision 1.35)
\pgfnodeparttextbox=\box52
) (/usr/share/texlive/texmf-dist/tex/generic/pgf/modules/pgfmoduleplot.code.tex
File: pgfmoduleplot.code.tex 2015/08/03  (rcs-revision 1.13)
)
(/usr/share/texlive/texmf-dist/tex/latex/pgf/compatibility/pgfcomp-version-0-65
.sty
Package: pgfcomp-version-0-65 2007/07/03 v3.0.1a (rcs-revision 1.7)
\pgf@nodesepstart=\dimen177
\pgf@nodesepend=\dimen178
)
(/usr/share/texlive/texmf-dist/tex/latex/pgf/compatibility/pgfcomp-version-1-18
.sty
Package: pgfcomp-version-1-18 2007/07/23 v3.0.1a (rcs-revision 1.1)
)) (/usr/share/texlive/texmf-dist/tex/latex/pgf/utilities/pgffor.sty
(/usr/share/texlive/texmf-dist/tex/latex/pgf/utilities/pgfkeys.sty
(/usr/share/texlive/texmf-dist/tex/generic/pgf/utilities/pgfkeys.code.tex))
(/usr/share/texlive/texmf-dist/tex/latex/pgf/math/pgfmath.sty
(/usr/share/texlive/texmf-dist/tex/generic/pgf/math/pgfmath.code.tex))
(/usr/share/texlive/texmf-dist/tex/generic/pgf/utilities/pgffor.code.tex
Package: pgffor 2013/12/13 v3.0.1a (rcs-revision 1.25)

(/usr/share/texlive/texmf-dist/tex/generic/pgf/math/pgfmath.code.tex)
\pgffor@iter=\dimen179
\pgffor@skip=\dimen180
\pgffor@stack=\toks42
\pgffor@toks=\toks43
))
(/usr/share/texlive/texmf-dist/tex/generic/pgf/frontendlayer/tikz/tikz.code.tex
Package: tikz 2015/08/07 v3.0.1a (rcs-revision 1.151)

(/usr/share/texlive/texmf-dist/tex/generic/pgf/libraries/pgflibraryplothandlers
.code.tex
File: pgflibraryplothandlers.code.tex 2013/08/31 v3.0.1a (rcs-revision 1.20)
\pgf@plot@mark@count=\count149
\pgfplotmarksize=\dimen181
)
\tikz@lastx=\dimen182
\tikz@lasty=\dimen183
\tikz@lastxsaved=\dimen184
\tikz@lastysaved=\dimen185
\tikzleveldistance=\dimen186
\tikzsiblingdistance=\dimen187
\tikz@figbox=\box53
\tikz@figbox@bg=\box54
\tikz@tempbox=\box55
\tikz@tempbox@bg=\box56
\tikztreelevel=\count150
\tikznumberofchildren=\count151
\tikznumberofcurrentchild=\count152
\tikz@fig@count=\count153

(/usr/share/texlive/texmf-dist/tex/generic/pgf/modules/pgfmodulematrix.code.tex
File: pgfmodulematrix.code.tex 2013/09/17  (rcs-revision 1.8)
\pgfmatrixcurrentrow=\count154
\pgfmatrixcurrentcolumn=\count155
\pgf@matrix@numberofcolumns=\count156
)
\tikz@expandcount=\count157

(/usr/share/texlive/texmf-dist/tex/generic/pgf/frontendlayer/tikz/libraries/tik
zlibrarytopaths.code.tex
File: tikzlibrarytopaths.code.tex 2008/06/17 v3.0.1a (rcs-revision 1.2)
)))
(/usr/share/texlive/texmf-dist/tex/generic/pgf/frontendlayer/tikz/libraries/tik
zlibrarypositioning.code.tex
File: tikzlibrarypositioning.code.tex 2008/10/06 v3.0.1a (rcs-revision 1.7)
)
(/usr/share/texlive/texmf-dist/tex/latex/tools/calc.sty
Package: calc 2017/05/25 v4.3 Infix arithmetic (KKT,FJ)
\calc@Acount=\count158
\calc@Bcount=\count159
\calc@Adimen=\dimen188
\calc@Bdimen=\dimen189
\calc@Askip=\skip87
\calc@Bskip=\skip88
LaTeX Info: Redefining \setlength on input line 80.
LaTeX Info: Redefining \addtolength on input line 81.
\calc@Ccount=\count160
\calc@Cskip=\skip89
)
\c@@todonotes@numberoftodonotes=\count161
)
(/usr/share/texlive/texmf-dist/tex/latex/float/float.sty
Package: float 2001/11/08 v1.3d Float enhancements (AL)
\c@float@type=\count162
\float@exts=\toks44
\float@box=\box57
\@float@everytoks=\toks45
\@floatcapt=\box58
)
(/usr/share/texlive/texmf-dist/tex/latex/multirow/multirow.sty
Package: multirow 2018/08/03 v2.3 Span multiple rows of a table
\multirow@colwidth=\skip90
\multirow@cntb=\count163
\multirow@dima=\skip91
\bigstrutjot=\dimen190
)
(/usr/share/texlive/texmf-dist/tex/latex/parskip/parskip.sty
Package: parskip 2001/04/09 non-zero parskip adjustments
)
(/usr/share/texlive/texmf-dist/tex/latex/soul/soul.sty
Package: soul 2003/11/17 v2.4 letterspacing/underlining (mf)
\SOUL@word=\toks46
\SOUL@lasttoken=\toks47
\SOUL@cmds=\toks48
\SOUL@buffer=\toks49
\SOUL@token=\toks50
\SOUL@spaceskip=\skip92
\SOUL@ttwidth=\dimen191
\SOUL@uldp=\dimen192
\SOUL@ulht=\dimen193
)
(/usr/share/texlive/texmf-dist/tex/latex/hyperref/nameref.sty
Package: nameref 2016/05/21 v2.44 Cross-referencing by name of section

(/usr/share/texlive/texmf-dist/tex/generic/oberdiek/gettitlestring.sty
Package: gettitlestring 2016/05/16 v1.5 Cleanup title references (HO)
)
\c@section@level=\count164
)
(/usr/share/texlive/texmf-dist/tex/latex/etoolbox/etoolbox.sty
Package: etoolbox 2018/02/11 v2.5e e-TeX tools for LaTeX (JAW)
\etb@tempcnta=\count165
)
(./diploma_thesis.aux (./abstract.aux) (./abbreviations.aux) (./intro.aux)
(./notes.aux) (./relatedwork.aux) (./operators.aux) (./equality.aux)
(./notequality.aux) (./or.aux) (./order.aux) (./evaluation.aux)
(./conclusion.aux))
\openout1 = `diploma_thesis.aux'.

LaTeX Font Info:    Checking defaults for OML/cmm/m/it on input line 61.
LaTeX Font Info:    ... okay on input line 61.
LaTeX Font Info:    Checking defaults for T1/cmr/m/n on input line 61.
LaTeX Font Info:    ... okay on input line 61.
LaTeX Font Info:    Checking defaults for OT1/cmr/m/n on input line 61.
LaTeX Font Info:    ... okay on input line 61.
LaTeX Font Info:    Checking defaults for OMS/cmsy/m/n on input line 61.
LaTeX Font Info:    ... okay on input line 61.
LaTeX Font Info:    Checking defaults for OMX/cmex/m/n on input line 61.
LaTeX Font Info:    ... okay on input line 61.
LaTeX Font Info:    Checking defaults for U/cmr/m/n on input line 61.
LaTeX Font Info:    ... okay on input line 61.
LaTeX Font Info:    Checking defaults for PD1/pdf/m/n on input line 61.
LaTeX Font Info:    ... okay on input line 61.
LaTeX Font Info:    Try loading font information for T1+ptm on input line 61.
 (/usr/share/texlive/texmf-dist/tex/latex/psnfss/t1ptm.fd
File: t1ptm.fd 2001/06/04 font definitions for T1/ptm.
)
(/usr/share/texlive/texmf-dist/tex/context/base/mkii/supp-pdf.mkii
[Loading MPS to PDF converter (version 2006.09.02).]
\scratchcounter=\count166
\scratchdimen=\dimen194
\scratchbox=\box59
\nofMPsegments=\count167
\nofMParguments=\count168
\everyMPshowfont=\toks51
\MPscratchCnt=\count169
\MPscratchDim=\dimen195
\MPnumerator=\count170
\makeMPintoPDFobject=\count171
\everyMPtoPDFconversion=\toks52
) (/usr/share/texlive/texmf-dist/tex/latex/oberdiek/epstopdf-base.sty
Package: epstopdf-base 2016/05/15 v2.6 Base part for package epstopdf

(/usr/share/texlive/texmf-dist/tex/latex/oberdiek/grfext.sty
Package: grfext 2016/05/16 v1.2 Manage graphics extensions (HO)
)
Package epstopdf-base Info: Redefining graphics rule for `.eps' on input line 4
38.
Package grfext Info: Graphics extension search list:
(grfext)             [.pdf,.png,.jpg,.mps,.jpeg,.jbig2,.jb2,.PDF,.PNG,.JPG,.JPE
G,.JBIG2,.JB2,.eps]
(grfext)             \AppendGraphicsExtensions on input line 456.

(/usr/share/texlive/texmf-dist/tex/latex/latexconfig/epstopdf-sys.cfg
File: epstopdf-sys.cfg 2010/07/13 v1.3 Configuration of (r)epstopdf for TeX Liv
e
))
\c@lstlisting=\count172
\AtBeginShipoutBox=\box60
Package hyperref Info: Link coloring OFF on input line 61.
LaTeX Info: Redefining \ref on input line 61.
LaTeX Info: Redefining \pageref on input line 61.
LaTeX Info: Redefining \nameref on input line 61.

(./diploma_thesis.out) (./diploma_thesis.out)
\@outlinefile=\write5
\openout5 = `diploma_thesis.out'.


ABD: EveryShipout initializing macros (./diploma_thesis_title.tex)
LaTeX Font Info:    Try loading font information for T1+phv on input line 70.

(/usr/share/texlive/texmf-dist/tex/latex/psnfss/t1phv.fd
File: t1phv.fd 2001/06/04 scalable font definitions for T1/phv.
) [2{/usr/share/texlive/texmf-dist/fonts/map/pdftex/updmap/pdftex.map} <./fig/k
it_logo_de_1c.pdf>]pdfTeX warning (ext4): destination with the same identifier 
(name{page.ii}) has been already used, duplicate ignored
<to be read again> 
                   \relax 
l.70 \input
           {declaration} [2] (./declaration.tex
Overfull \hbox (3.87248pt too wide) in paragraph at lines 6--7
\T1/ptm/m/n/12 Hil-f-s-mit-tel voll-ständig und genau angegeben und alles ken-n
tlich gemacht zu haben,
 []


Underfull \hbox (badness 10000) in paragraph at lines 6--7

 []

[3


])
\openout2 = `abstract.aux'.

 (./abstract.tex
LaTeX Font Info:    Font shape `T1/ptm/bx/n' in size <24.88> not available
(Font)              Font shape `T1/ptm/b/n' tried instead on input line 2.
) [4



] (./diploma_thesis.toc
LaTeX Font Info:    Font shape `T1/ptm/bx/n' in size <12> not available
(Font)              Font shape `T1/ptm/b/n' tried instead on input line 5.
 [1



])
\tf@toc=\write6
\openout6 = `diploma_thesis.toc'.

 [2]
\openout2 = `abbreviations.aux'.

 (./abbreviations.tex
Chapter 1.
) [3


pdfTeX warning (ext4): destination with the same identifier (name{table.1.1}) h
as been already used, duplicate ignored

\AtBegShi@Output ...ipout \box \AtBeginShipoutBox 
                                                  \fi \fi 
l.78 \include{abbreviations}
                            ]
\openout2 = `intro.aux'.

 (./intro.tex
Chapter 2.
LaTeX Font Info:    Font shape `T1/ptm/bx/n' in size <17.28> not available
(Font)              Font shape `T1/ptm/b/n' tried instead on input line 4.
[4



]
Overfull \hbox (1.7101pt too wide) in paragraph at lines 18--19
\T1/ptm/m/n/12 as an \T1/ptm/m/it/12 Op-ti-mal Se-quenced Route \T1/ptm/m/n/12 
(OSR) query [[]5[]], de-liv-ers the route $\OT1/cmr/m/n/12 (\OML/cmm/m/it/12 r[
]; b[]; mt[]; r[]\OT1/cmr/m/n/12 )$
 []

<images/Example_routes.png, id=262, 325.215pt x 194.22563pt>
File: images/Example_routes.png Graphic file (type png)
<use images/Example_routes.png>
Package pdftex.def Info: images/Example_routes.png  used on input line 23.
(pdftex.def)             Requested size: 325.2142pt x 194.22514pt.

Overfull \vbox (1.07997pt too high) has occurred while \output is active []


[5pdfTeX warning (ext4): destination with the same identifier (name{figure.2.1}
) has been already used, duplicate ignored

\AtBegShi@Output ...ipout \box \AtBeginShipoutBox 
                                                  \fi \fi 
l.33 
      <./images/Example_routes.png>]
Overfull \hbox (2.4212pt too wide) in paragraph at lines 36--40
\T1/ptm/m/n/12 for ex-po-nen-tially grow-ing per-mu-ta-tions, de-pend-ing on th
e size of the query. There-
 []

[6] [7]) [8]
\openout2 = `notes.aux'.

 (./notes.tex
Chapter 3.

Overfull \hbox (9.90764pt too wide) in paragraph at lines 22--23
[]\T1/ptm/b/n/12 Sequenced route: \T1/ptm/m/n/12 Let $\OML/cmm/m/it/12 M \OT1/c
mr/m/n/12 = (\OML/cmm/m/it/12 c[]; c[]; :::; c[]\OT1/cmr/m/n/12 )$ \T1/ptm/m/n/
12 be a se-quence of CoIs. $\OML/cmm/m/it/12 R \OT1/cmr/m/n/12 = (\OML/cmm/m/it
/12 r[]; r[]; :::; r[]\OT1/cmr/m/n/12 )$
 []

[9



]) [10pdfTeX warning (ext4): destination with the same identifier (name{table.3
.1}) has been already used, duplicate ignored

\AtBegShi@Output ...ipout \box \AtBeginShipoutBox 
                                                  \fi \fi 
l.80 \include{notes}
                    ]
\openout2 = `relatedwork.aux'.

 (./relatedwork.tex
Chapter 4.
[11



] [12] [13]) [14]
\openout2 = `operators.aux'.

 (./operators.tex
Chapter 5.
) [15



]
\openout2 = `equality.aux'.

 (./equality.tex
LaTeX Font Info:    Font shape `T1/ptm/bx/n' in size <14.4> not available
(Font)              Font shape `T1/ptm/b/n' tried instead on input line 26.
LaTeX Font Info:    Try loading font information for T1+pcr on input line 44.
 (/usr/share/texlive/texmf-dist/tex/latex/psnfss/t1pcr.fd
File: t1pcr.fd 2001/06/04 font definitions for T1/pcr.
) [16


]
LaTeX Font Info:    Font shape `T1/ptm/bx/it' in size <12> not available
(Font)              Font shape `T1/ptm/b/it' tried instead on input line 52.
LaTeX Font Info:    Font shape `T1/ptm/bx/n' in size <8> not available
(Font)              Font shape `T1/ptm/b/n' tried instead on input line 74.
 [17] [18pdfTeX warning (ext4): destination with the same identifier (name{algo
cf.1}) has been already used, duplicate ignored

\AtBegShi@Output ...ipout \box \AtBeginShipoutBox 
                                                  \fi \fi 
l.134 A
       t each subsequent iteration of the algorithm \texttt{\nameref{alg:mPN...
pdfTeX warning (ext4): destination with the same identifier (name{algocf.1}) ha
s been already used, duplicate ignored

\AtBegShi@Output ...ipout \box \AtBeginShipoutBox 
                                                  \fi \fi 
l.134 A
       t each subsequent iteration of the algorithm \texttt{\nameref{alg:mPN...
]
Overfull \hbox (0.40617pt too wide) in paragraph at lines 134--135
[]\T1/pcr/m/n/12 caseBefore[]() \T1/ptm/m/n/12 (line 11) and []\T1/pcr/m/n/12 c
aseAfter[]() \T1/ptm/m/n/12 (line 20) fol-low the orig-i-nal PNE.
 []


Underfull \hbox (badness 10000) in paragraph at lines 169--170

 []

[19] [20pdfTeX warning (ext4): destination with the same identifier (name{algoc
f.2}) has been already used, duplicate ignored

\AtBegShi@Output ...ipout \box \AtBeginShipoutBox 
                                                  \fi \fi 
l.198 
      pdfTeX warning (ext4): destination with the same identifier (name{algocf.
2}) has been already used, duplicate ignored

\AtBegShi@Output ...ipout \box \AtBeginShipoutBox 
                                                  \fi \fi 
l.198 
      ]pdfTeX warning (ext4): destination with the same identifier (name{algocf
.3}) has been already used, duplicate ignored
<to be read again> 
                   \relax 
l.200 \caption
              {caseContaining()}pdfTeX warning (ext4): destination with the sam
e identifier (name{algocf.3}) has been already used, duplicate ignored
<to be read again> 
                   \relax 
l.229 \caption
              {caseAfterOrContaining()}pdfTeX warning (ext4): destination with 
the same identifier (name{algocf.3}) has been already used, duplicate ignored
<to be read again> 
                   \relax 
l.252 \caption
              {caseAfter()}pdfTeX warning (ext4): destination with the same ide
ntifier (name{algocf.3}) has been already used, duplicate ignored
<to be read again> 
                   \relax 
l.278 \caption
              {pne()\cite{OSR}}pdfTeX warning (ext4): destination with the same
 identifier (name{algocf.3}) has been already used, duplicate ignored
<to be read again> 
                   \relax 
l.278 \caption{pne()\cite{OSR}}
                               
Underfull \vbox (badness 10000) has occurred while \output is active []

 [21]
Underfull \vbox (badness 10000) has occurred while \output is active []

 [22]
Underfull \vbox (badness 10000) has occurred while \output is active []

 [23]
Overfull \hbox (12.19516pt too wide) in paragraph at lines 327--354
 [][] 
 []


Underfull \vbox (badness 10000) has occurred while \output is active []

 [24]
[25pdfTeX warning (ext4): destination with the same identifier (name{table.5.1}
) has been already used, duplicate ignored

\AtBegShi@Output ...ipout \box \AtBeginShipoutBox 
                                                  \fi \fi 
l.372 N
       ext we need to prove that all partial routes have been examined by th...
]
Underfull \vbox (badness 4752) has occurred while \output is active []

 [26]
Underfull \vbox (badness 10000) has occurred while \output is active []

 [27]pdfTeX warning (ext4): destination with the same identifier (name{algocf.4
}) has been already used, duplicate ignored
<to be read again> 
                   \relax 
l.399 \caption
              {equalityOperator-baseline()}pdfTeX warning (ext4): destination w
ith the same identifier (name{algocf.4}) has been already used, duplicate ignor
ed
<to be read again> 
                   \relax 
l.399 \caption{equalityOperator-baseline()}
                                           
Overfull \hbox (8.1458pt too wide) in paragraph at lines 420--421
[]\T1/ptm/m/n/12 The al-go-rithm []\T1/pcr/m/n/12 modifiedPNE-baseline()[] \T1/
ptm/m/n/12 pro-ceeds with ex-am-in-ing the routes
 []


Underfull \hbox (badness 10000) in paragraph at lines 420--421

 []

[28]
Overfull \vbox (107.30623pt too high) has occurred while \output is active []


[29pdfTeX warning (ext4): destination with the same identifier (name{algocf.5})
 has been already used, duplicate ignored

\AtBegShi@Output ...ipout \box \AtBeginShipoutBox 
                                                  \fi \fi 
l.487 \subsubsection
                    {Correctness}]) [30]
\openout2 = `notequality.aux'.

 (./notequality.tex
Underfull \hbox (badness 10000) in paragraph at lines 39--40

 []

[31


] [32pdfTeX warning (ext4): destination with the same identifier (name{algocf.6
}) has been already used, duplicate ignored

\AtBegShi@Output ...ipout \box \AtBeginShipoutBox 
                                                  \fi \fi 
l.85 
     ]
Underfull \hbox (badness 10000) in paragraph at lines 86--87

 []

pdfTeX warning (ext4): destination with the same identifier (name{algocfproc.tr
im}) has been already used, duplicate ignored
<to be read again> 
                   \relax 
l.89 \caption{trim($PSR$)}
                           [33]
Package hyperref Info: bookmark level for unknown todo defaults to 0 on input l
ine 145.
) [34pdfTeX warning (ext4): destination with the same identifier (name{table.5.
2}) has been already used, duplicate ignored

\AtBegShi@Output ...ipout \box \AtBeginShipoutBox 
                                                  \fi \fi 
l.85 \include{notequality}
                          ]
\openout2 = `or.aux'.

 (./or.tex [35


]
Underfull \hbox (badness 10000) in paragraph at lines 46--47

 []

pdfTeX warning (ext4): destination with the same identifier (name{algocf.7}) ha
s been already used, duplicate ignored
<to be read again> 
                   \relax 
l.49 \caption
             {orOperator()}pdfTeX warning (ext4): destination with the same ide
ntifier (name{algocf.7}) has been already used, duplicate ignored
<to be read again> 
                   \relax 
l.49 \caption{orOperator()}
                            [36]
Overfull \vbox (62.82741pt too high) has occurred while \output is active []


[37]
Underfull \hbox (badness 10000) in paragraph at lines 102--106

 []

[38] [39]pdfTeX warning (ext4): destination with the same identifier (name{algo
cf.8}) has been already used, duplicate ignored
<to be read again> 
                   \relax 
l.152 \caption
              {modifyRouteB($PSR$)}
Overfull \hbox (15.18144pt too wide) in paragraph at lines 186--189
\T1/ptm/m/n/12 phar-macy, then go to the movies and then to a restau-rant (i.e.
, $\OML/cmm/m/it/12 S \OT1/cmr/m/n/12 = (\OML/cmm/m/it/12 OR[]; OR[]; OR[]\OT1/
cmr/m/n/12 )$\T1/ptm/m/n/12 ,
 []

[40]
Overfull \hbox (6.60379pt too wide) in paragraph at lines 192--213
 [][] 
 []

[41pdfTeX warning (ext4): destination with the same identifier (name{table.5.3}
) has been already used, duplicate ignored

\AtBegShi@Output ...ipout \box \AtBeginShipoutBox 
                                                  \fi \fi 
l.225 
      ]) [42]
\openout2 = `order.aux'.

 (./order.tex
Overfull \hbox (4.40236pt too wide) in paragraph at lines 26--28
\OML/cmm/m/it/12 sp$ \T1/ptm/m/n/12 in $[][]$ and an OR-DER se-quence $\OML/cmm
/m/it/12 ORDER \OT1/cmr/m/n/12 = (\OML/cmm/m/it/12 i[]; i[]; :::; i[]\OT1/cmr/m
/n/12 )$\T1/ptm/m/n/12 , $\OML/cmm/m/it/12 Q\OT1/cmr/m/n/12 (\OML/cmm/m/it/12 s
p; M; ORDER\OT1/cmr/m/n/12 )$
 []

[43


]
Underfull \hbox (badness 10000) in paragraph at lines 43--44

 []

pdfTeX warning (ext4): destination with the same identifier (name{algocf.8}) ha
s been already used, duplicate ignored
<to be read again> 
                   \relax 
l.46 \caption
             {orderOperator()}pdfTeX warning (ext4): destination with the same 
identifier (name{algocf.8}) has been already used, duplicate ignored
<to be read again> 
                   \relax 
l.46 \caption{orderOperator()}
                               [44] [45]pdfTeX warning (ext4): destination with
 the same identifier (name{algocfproc.modifyRouteA}) has been already used, dup
licate ignored
<to be read again> 
                   \relax 
l.104 \caption{modifyRouteA($PSR$)}
                                   
Underfull \hbox (badness 10000) in paragraph at lines 128--129

 []

pdfTeX warning (ext4): destination with the same identifier (name{algocfproc.mo
difyRouteB}) has been already used, duplicate ignored
<to be read again> 
                   \relax 
l.131 \caption{modifyRouteB($PSR$)}
                                    [46]

LaTeX Warning: `h' float specifier changed to `ht'.

[47pdfTeX warning (ext4): destination with the same identifier (name{algocf.9})
 has been already used, duplicate ignored

\AtBegShi@Output ...ipout \box \AtBeginShipoutBox 
                                                  \fi \fi 
l.194 
      ]) [48pdfTeX warning (ext4): destination with the same identifier (name{t
able.5.4}) has been already used, duplicate ignored

\AtBegShi@Output ...ipout \box \AtBeginShipoutBox 
                                                  \fi \fi 
l.87 \include{order}
                    ]
\openout2 = `evaluation.aux'.

 (./evaluation.tex
Chapter 6.
[49



] [50pdfTeX warning (ext4): destination with the same identifier (name{table.6.
1}) has been already used, duplicate ignored

\AtBegShi@Output ...ipout \box \AtBeginShipoutBox 
                                                  \fi \fi 
l.46 
     ]
<images/eo_length.png, id=968, 1204.5pt x 501.875pt>
File: images/eo_length.png Graphic file (type png)
<use images/eo_length.png>
Package pdftex.def Info: images/eo_length.png  used on input line 48.
(pdftex.def)             Requested size: 397.48624pt x 165.61925pt.

Overfull \hbox (7.48624pt too wide) in paragraph at lines 48--50
 [][] 
 []

<images/eo_frequency.png, id=973, 1204.5pt x 501.875pt>
File: images/eo_frequency.png Graphic file (type png)
<use images/eo_frequency.png>
Package pdftex.def Info: images/eo_frequency.png  used on input line 58.
(pdftex.def)             Requested size: 397.48624pt x 165.61925pt.

Overfull \hbox (7.48624pt too wide) in paragraph at lines 58--60
 [][] 
 []

[51pdfTeX warning (ext4): destination with the same identifier (name{figure.6.1
}) has been already used, duplicate ignored

\AtBegShi@Output ...ipout \box \AtBeginShipoutBox 
                                                  \fi \fi 
l.63 
      <./images/eo_length.png>]
<images/eo_distance.png, id=982, 1204.5pt x 501.875pt>
File: images/eo_distance.png Graphic file (type png)
<use images/eo_distance.png>
Package pdftex.def Info: images/eo_distance.png  used on input line 68.
(pdftex.def)             Requested size: 397.48624pt x 165.61925pt.

Overfull \hbox (7.48624pt too wide) in paragraph at lines 68--70
 [][] 
 []

[52pdfTeX warning (ext4): destination with the same identifier (name{figure.6.2
}) has been already used, duplicate ignored

\AtBegShi@Output ...ipout \box \AtBeginShipoutBox 
                                                  \fi \fi 
l.73 
      <./images/eo_frequency.png>]
<images/eo2.png, id=990, 1204.5pt x 501.875pt>
File: images/eo2.png Graphic file (type png)
<use images/eo2.png>
Package pdftex.def Info: images/eo2.png  used on input line 79.
(pdftex.def)             Requested size: 397.48624pt x 165.61925pt.

Overfull \hbox (7.48624pt too wide) in paragraph at lines 79--81
 [][] 
 []

[53pdfTeX warning (ext4): destination with the same identifier (name{figure.6.3
}) has been already used, duplicate ignored

\AtBegShi@Output ...ipout \box \AtBeginShipoutBox 
                                                  \fi \fi 
l.84 
      <./images/eo_distance.png>]
<images/neo_length.png, id=999, 1204.5pt x 501.875pt>
File: images/neo_length.png Graphic file (type png)
<use images/neo_length.png>
Package pdftex.def Info: images/neo_length.png  used on input line 94.
(pdftex.def)             Requested size: 397.48624pt x 165.61925pt.

Overfull \hbox (7.48624pt too wide) in paragraph at lines 94--96
 [][] 
 []

[54pdfTeX warning (ext4): destination with the same identifier (name{figure.6.4
}) has been already used, duplicate ignored

\AtBegShi@Output ...ipout \box \AtBeginShipoutBox 
                                                  \fi \fi 
l.99 
      <./images/eo2.png>]
<images/neo_frequency.png, id=1010, 1204.5pt x 501.875pt>
File: images/neo_frequency.png Graphic file (type png)
<use images/neo_frequency.png>
Package pdftex.def Info: images/neo_frequency.png  used on input line 105.
(pdftex.def)             Requested size: 397.48624pt x 165.61925pt.

Overfull \hbox (7.48624pt too wide) in paragraph at lines 105--107
 [][] 
 []

[55pdfTeX warning (ext4): destination with the same identifier (name{figure.6.5
}) has been already used, duplicate ignored

\AtBegShi@Output ...ipout \box \AtBeginShipoutBox 
                                                  \fi \fi 
l.110 
       <./images/neo_length.png>]
<images/neo_distance.png, id=1018, 1204.5pt x 501.875pt>
File: images/neo_distance.png Graphic file (type png)
<use images/neo_distance.png>
Package pdftex.def Info: images/neo_distance.png  used on input line 119.
(pdftex.def)             Requested size: 397.48624pt x 165.61925pt.

Overfull \hbox (7.48624pt too wide) in paragraph at lines 119--121
 [][] 
 []

[56pdfTeX warning (ext4): destination with the same identifier (name{figure.6.6
}) has been already used, duplicate ignored

\AtBegShi@Output ...ipout \box \AtBeginShipoutBox 
                                                  \fi \fi 
l.124 
       <./images/neo_frequency.png>]
<images/or.png, id=1026, 1355.0625pt x 501.875pt>
File: images/or.png Graphic file (type png)
<use images/or.png>
Package pdftex.def Info: images/or.png  used on input line 133.
(pdftex.def)             Requested size: 392.95807pt x 145.54001pt.

Overfull \hbox (2.95807pt too wide) in paragraph at lines 133--135
 [][] 
 []

[57pdfTeX warning (ext4): destination with the same identifier (name{figure.6.7
}) has been already used, duplicate ignored

\AtBegShi@Output ...ipout \box \AtBeginShipoutBox 
                                                  \fi \fi 
l.138 
       <./images/neo_distance.png>]
Underfull \hbox (badness 10000) in paragraph at lines 143--145

 []

<images/order.png, id=1035, 1204.5pt x 501.875pt>
File: images/order.png Graphic file (type png)
<use images/order.png>
Package pdftex.def Info: images/order.png  used on input line 149.
(pdftex.def)             Requested size: 397.48624pt x 165.61925pt.

Overfull \hbox (7.48624pt too wide) in paragraph at lines 149--151
 [][] 
 []


Overfull \vbox (4.0pt too high) has occurred while \output is active []

 [58pdfTeX warning (ext4): destination with the same identifier (name{figure.6.
8}) has been already used, duplicate ignored

\AtBegShi@Output ...ipout \box \AtBeginShipoutBox 
                                                  \fi \fi 
l.154 
       <./images/or.png>]) [59pdfTeX warning (ext4): destination with the same 
identifier (name{figure.6.9}) has been already used, duplicate ignored

\AtBegShi@Output ...ipout \box \AtBeginShipoutBox 
                                                  \fi \fi 
l.90 \include{evaluation}
                          <./images/order.png>]
\openout2 = `conclusion.aux'.

 (./conclusion.tex
Chapter 7.
[60



]) [61] (./diploma_thesis.lof)
\tf@lof=\write7
\openout7 = `diploma_thesis.lof'.

 [62


] (./diploma_thesis.lot)
\tf@lot=\write8
\openout8 = `diploma_thesis.lot'.

 [63

]
(./diploma_thesis.loa)
\tf@loa=\write9
\openout9 = `diploma_thesis.loa'.

 [64

] (./diploma_thesis.bbl
Underfull \hbox (badness 10000) in paragraph at lines 4--9
\T1/pcr/m/n/12 / / sites . google . com / ualberta . ca / nascimentodatasets/$[
]\T1/ptm/m/n/12 ,
 []

[65


]) [66]
Package atveryend Info: Empty hook `BeforeClearDocument' on input line 102.
Package atveryend Info: Empty hook `AfterLastShipout' on input line 102.
 (./diploma_thesis.aux (./abstract.aux) (./abbreviations.aux)
(./intro.aux) (./notes.aux) (./relatedwork.aux) (./operators.aux)
(./equality.aux) (./notequality.aux) (./or.aux) (./order.aux) (./evaluation.aux
) (./conclusion.aux))
Package atveryend Info: Executing hook `AtVeryEndDocument' on input line 102.
Package atveryend Info: Executing hook `AtEndAfterFileList' on input line 102.
Package rerunfilecheck Info: File `diploma_thesis.out' has not changed.
(rerunfilecheck)             Checksum: F0A26433554E57B7C8C43831682C175C;2464.
Package atveryend Info: Empty hook `AtVeryVeryEnd' on input line 102.
 ) 
Here is how much of TeX's memory you used:
 21615 strings out of 494587
 380901 string characters out of 6177759
 486685 words of memory out of 5000000
 24189 multiletter control sequences out of 15000+600000
 56582 words of font info for 63 fonts, out of 8000000 for 9000
 14 hyphenation exceptions out of 8191
 62i,18n,78p,2587b,712s stack positions out of 5000i,500n,10000p,200000b,80000s
{/usr/share/texlive/texmf-dist/fonts/enc/dvips/base/8r.enc}</usr/share/texliv
e/texmf-dist/fonts/type1/public/amsfonts/cm/cmex10.pfb></usr/share/texlive/texm
f-dist/fonts/type1/public/amsfonts/cm/cmmi12.pfb></usr/share/texlive/texmf-dist
/fonts/type1/public/amsfonts/cm/cmmi6.pfb></usr/share/texlive/texmf-dist/fonts/
type1/public/amsfonts/cm/cmmi8.pfb></usr/share/texlive/texmf-dist/fonts/type1/p
ublic/amsfonts/cm/cmr12.pfb></usr/share/texlive/texmf-dist/fonts/type1/public/a
msfonts/cm/cmr6.pfb></usr/share/texlive/texmf-dist/fonts/type1/public/amsfonts/
cm/cmr8.pfb></usr/share/texlive/texmf-dist/fonts/type1/public/amsfonts/cm/cmsy1
0.pfb></usr/share/texlive/texmf-dist/fonts/type1/public/amsfonts/cm/cmsy6.pfb><
/usr/share/texlive/texmf-dist/fonts/type1/public/amsfonts/cm/cmsy8.pfb></usr/sh
are/texlive/texmf-dist/fonts/type1/urw/courier/ucrr8a.pfb></usr/share/texlive/t
exmf-dist/fonts/type1/urw/helvetic/uhvb8a.pfb></usr/share/texlive/texmf-dist/fo
nts/type1/urw/helvetic/uhvr8a.pfb></usr/share/texlive/texmf-dist/fonts/type1/ur
w/times/utmb8a.pfb></usr/share/texlive/texmf-dist/fonts/type1/urw/times/utmbi8a
.pfb></usr/share/texlive/texmf-dist/fonts/type1/urw/times/utmr8a.pfb></usr/shar
e/texlive/texmf-dist/fonts/type1/urw/times/utmr8a.pfb></usr/share/texlive/texmf
-dist/fonts/type1/urw/times/utmri8a.pfb>
Output written on diploma_thesis.pdf (70 pages, 827827 bytes).
PDF statistics:
 1305 PDF objects out of 1440 (max. 8388607)
 1180 compressed objects within 12 object streams
 522 named destinations out of 1000 (max. 500000)
 388 words of extra memory for PDF output out of 10000 (max. 10000000)

