\BOOKMARK [0][-]{chapter*.1}{Abstract}{}% 1
\BOOKMARK [0][-]{section*.3}{Contents}{}% 2
\BOOKMARK [0][-]{chapter.1}{Introduction}{}% 3
\BOOKMARK [1][-]{section.1.1}{Motivation}{chapter.1}% 4
\BOOKMARK [1][-]{section.1.2}{Problem definition}{chapter.1}% 5
\BOOKMARK [1][-]{section.1.3}{Challenges}{chapter.1}% 6
\BOOKMARK [1][-]{section.1.4}{Contributions}{chapter.1}% 7
\BOOKMARK [0][-]{chapter.2}{Notations and Preliminaries}{}% 8
\BOOKMARK [0][-]{chapter.3}{Related Work}{}% 9
\BOOKMARK [0][-]{chapter.4}{Operators}{}% 10
\BOOKMARK [1][-]{section.4.1}{Equality operator}{chapter.4}% 11
\BOOKMARK [2][-]{subsection.4.1.1}{Problem definition}{section.4.1}% 12
\BOOKMARK [2][-]{subsection.4.1.2}{Precomputations}{section.4.1}% 13
\BOOKMARK [2][-]{subsection.4.1.3}{Proposed approach}{section.4.1}% 14
\BOOKMARK [2][-]{subsection.4.1.4}{Baseline approach}{section.4.1}% 15
\BOOKMARK [2][-]{subsection.4.1.5}{Experimental study}{section.4.1}% 16
\BOOKMARK [1][-]{section.4.2}{Not-Equality operator}{chapter.4}% 17
\BOOKMARK [2][-]{subsection.4.2.1}{Problem definition}{section.4.2}% 18
\BOOKMARK [2][-]{subsection.4.2.2}{Precomputations}{section.4.2}% 19
\BOOKMARK [2][-]{subsection.4.2.3}{Proposed approach}{section.4.2}% 20
\BOOKMARK [2][-]{subsection.4.2.4}{Experimental study}{section.4.2}% 21
\BOOKMARK [1][-]{section.4.3}{Or operator}{chapter.4}% 22
\BOOKMARK [2][-]{subsection.4.3.1}{Problem definition}{section.4.3}% 23
\BOOKMARK [2][-]{subsection.4.3.2}{Precomputations}{section.4.3}% 24
\BOOKMARK [2][-]{subsection.4.3.3}{Proposed approach}{section.4.3}% 25
\BOOKMARK [2][-]{subsection.4.3.4}{Experimental study}{section.4.3}% 26
\BOOKMARK [1][-]{section.4.4}{Order operator}{chapter.4}% 27
\BOOKMARK [2][-]{subsection.4.4.1}{Problem definition}{section.4.4}% 28
\BOOKMARK [2][-]{subsection.4.4.2}{Precomputations}{section.4.4}% 29
\BOOKMARK [2][-]{subsection.4.4.3}{Proposed approach}{section.4.4}% 30
\BOOKMARK [2][-]{subsection.4.4.4}{Experimental study}{section.4.4}% 31
\BOOKMARK [0][-]{chapter.5}{Evaluation}{}% 32
\BOOKMARK [0][-]{chapter.6}{Conclusion and Future work}{}% 33
\BOOKMARK [0][-]{section*.28}{Bibliography}{}% 34
