This is pdfTeX, Version 3.14159265-2.6-1.40.19 (TeX Live 2018) (preloaded format=pdflatex 2018.12.7)  9 MAY 2019 00:05
entering extended mode
 restricted \write18 enabled.
 %&-line parsing enabled.
**Abschlussvortrag.tex
(./Abschlussvortrag.tex
LaTeX2e <2018-04-01> patch level 5
(/usr/share/texlive/texmf-dist/tex/latex/beamer/beamer.cls
Document Class: beamer 2018/02/20 v3.50 A class for typesetting presentations
(/usr/share/texlive/texmf-dist/tex/latex/beamer/beamerbasemodes.sty
(/usr/share/texlive/texmf-dist/tex/latex/etoolbox/etoolbox.sty
Package: etoolbox 2018/02/11 v2.5e e-TeX tools for LaTeX (JAW)
\etb@tempcnta=\count80
)
\beamer@tempbox=\box26
\beamer@tempcount=\count81
\c@beamerpauses=\count82

(/usr/share/texlive/texmf-dist/tex/latex/beamer/beamerbasedecode.sty
\beamer@slideinframe=\count83
\beamer@minimum=\count84
)
\beamer@commentbox=\box27
\beamer@modecount=\count85
)
(/usr/share/texlive/texmf-dist/tex/generic/oberdiek/ifpdf.sty
Package: ifpdf 2017/03/15 v3.2 Provides the ifpdf switch
)
\headdp=\dimen102
\footheight=\dimen103
\sidebarheight=\dimen104
\beamer@tempdim=\dimen105
\beamer@finalheight=\dimen106
\beamer@animht=\dimen107
\beamer@animdp=\dimen108
\beamer@animwd=\dimen109
\beamer@leftmargin=\dimen110
\beamer@rightmargin=\dimen111
\beamer@leftsidebar=\dimen112
\beamer@rightsidebar=\dimen113
\beamer@boxsize=\dimen114
\beamer@vboxoffset=\dimen115
\beamer@descdefault=\dimen116
\beamer@descriptionwidth=\dimen117
\beamer@lastskip=\skip41
\beamer@areabox=\box28
\beamer@animcurrent=\box29
\beamer@animshowbox=\box30
\beamer@sectionbox=\box31
\beamer@logobox=\box32
\beamer@linebox=\box33
\beamer@sectioncount=\count86
\beamer@subsubsectionmax=\count87
\beamer@subsectionmax=\count88
\beamer@sectionmax=\count89
\beamer@totalheads=\count90
\beamer@headcounter=\count91
\beamer@partstartpage=\count92
\beamer@sectionstartpage=\count93
\beamer@subsectionstartpage=\count94
\beamer@animationtempa=\count95
\beamer@animationtempb=\count96
\beamer@xpos=\count97
\beamer@ypos=\count98
\beamer@ypos@offset=\count99
\beamer@showpartnumber=\count100
\beamer@currentsubsection=\count101
\beamer@coveringdepth=\count102
\beamer@sectionadjust=\count103
\beamer@tocsectionnumber=\count104

(/usr/share/texlive/texmf-dist/tex/latex/beamer/beamerbaseoptions.sty
(/usr/share/texlive/texmf-dist/tex/latex/graphics/keyval.sty
Package: keyval 2014/10/28 v1.15 key=value parser (DPC)
\KV@toks@=\toks14
))
\beamer@paperwidth=\skip42
\beamer@paperheight=\skip43

(/usr/share/texlive/texmf-dist/tex/latex/geometry/geometry.sty
Package: geometry 2018/04/16 v5.8 Page Geometry

(/usr/share/texlive/texmf-dist/tex/generic/oberdiek/ifvtex.sty
Package: ifvtex 2016/05/16 v1.6 Detect VTeX and its facilities (HO)
Package ifvtex Info: VTeX not detected.
)
(/usr/share/texlive/texmf-dist/tex/generic/ifxetex/ifxetex.sty
Package: ifxetex 2010/09/12 v0.6 Provides ifxetex conditional
)
\Gm@cnth=\count105
\Gm@cntv=\count106
\c@Gm@tempcnt=\count107
\Gm@bindingoffset=\dimen118
\Gm@wd@mp=\dimen119
\Gm@odd@mp=\dimen120
\Gm@even@mp=\dimen121
\Gm@layoutwidth=\dimen122
\Gm@layoutheight=\dimen123
\Gm@layouthoffset=\dimen124
\Gm@layoutvoffset=\dimen125
\Gm@dimlist=\toks15
)
(/usr/share/texlive/texmf-dist/tex/latex/base/size11.clo
File: size11.clo 2014/09/29 v1.4h Standard LaTeX file (size option)
)
(/usr/share/texlive/texmf-dist/tex/latex/pgf/basiclayer/pgfcore.sty
(/usr/share/texlive/texmf-dist/tex/latex/graphics/graphicx.sty
Package: graphicx 2017/06/01 v1.1a Enhanced LaTeX Graphics (DPC,SPQR)

(/usr/share/texlive/texmf-dist/tex/latex/graphics/graphics.sty
Package: graphics 2017/06/25 v1.2c Standard LaTeX Graphics (DPC,SPQR)

(/usr/share/texlive/texmf-dist/tex/latex/graphics/trig.sty
Package: trig 2016/01/03 v1.10 sin cos tan (DPC)
)
(/usr/share/texlive/texmf-dist/tex/latex/graphics-cfg/graphics.cfg
File: graphics.cfg 2016/06/04 v1.11 sample graphics configuration
)
Package graphics Info: Driver file: pdftex.def on input line 99.

(/usr/share/texlive/texmf-dist/tex/latex/graphics-def/pdftex.def
File: pdftex.def 2018/01/08 v1.0l Graphics/color driver for pdftex
))
\Gin@req@height=\dimen126
\Gin@req@width=\dimen127
)
(/usr/share/texlive/texmf-dist/tex/latex/pgf/systemlayer/pgfsys.sty
(/usr/share/texlive/texmf-dist/tex/latex/pgf/utilities/pgfrcs.sty
(/usr/share/texlive/texmf-dist/tex/generic/pgf/utilities/pgfutil-common.tex
\pgfutil@everybye=\toks16
\pgfutil@tempdima=\dimen128
\pgfutil@tempdimb=\dimen129

(/usr/share/texlive/texmf-dist/tex/generic/pgf/utilities/pgfutil-common-lists.t
ex)) (/usr/share/texlive/texmf-dist/tex/generic/pgf/utilities/pgfutil-latex.def
\pgfutil@abb=\box34
(/usr/share/texlive/texmf-dist/tex/latex/ms/everyshi.sty
Package: everyshi 2001/05/15 v3.00 EveryShipout Package (MS)
))
(/usr/share/texlive/texmf-dist/tex/generic/pgf/utilities/pgfrcs.code.tex
Package: pgfrcs 2015/08/07 v3.0.1a (rcs-revision 1.31)
))
(/usr/share/texlive/texmf-dist/tex/generic/pgf/systemlayer/pgfsys.code.tex
Package: pgfsys 2014/07/09 v3.0.1a (rcs-revision 1.48)

(/usr/share/texlive/texmf-dist/tex/generic/pgf/utilities/pgfkeys.code.tex
\pgfkeys@pathtoks=\toks17
\pgfkeys@temptoks=\toks18

(/usr/share/texlive/texmf-dist/tex/generic/pgf/utilities/pgfkeysfiltered.code.t
ex
\pgfkeys@tmptoks=\toks19
))
\pgf@x=\dimen130
\pgf@y=\dimen131
\pgf@xa=\dimen132
\pgf@ya=\dimen133
\pgf@xb=\dimen134
\pgf@yb=\dimen135
\pgf@xc=\dimen136
\pgf@yc=\dimen137
\w@pgf@writea=\write3
\r@pgf@reada=\read1
\c@pgf@counta=\count108
\c@pgf@countb=\count109
\c@pgf@countc=\count110
\c@pgf@countd=\count111
\t@pgf@toka=\toks20
\t@pgf@tokb=\toks21
\t@pgf@tokc=\toks22
 (/usr/share/texlive/texmf-dist/tex/generic/pgf/systemlayer/pgf.cfg
File: pgf.cfg 2008/05/14  (rcs-revision 1.7)
)
Driver file for pgf: pgfsys-pdftex.def

(/usr/share/texlive/texmf-dist/tex/generic/pgf/systemlayer/pgfsys-pdftex.def
File: pgfsys-pdftex.def 2014/10/11  (rcs-revision 1.35)

(/usr/share/texlive/texmf-dist/tex/generic/pgf/systemlayer/pgfsys-common-pdf.de
f
File: pgfsys-common-pdf.def 2013/10/10  (rcs-revision 1.13)
)))
(/usr/share/texlive/texmf-dist/tex/generic/pgf/systemlayer/pgfsyssoftpath.code.
tex
File: pgfsyssoftpath.code.tex 2013/09/09  (rcs-revision 1.9)
\pgfsyssoftpath@smallbuffer@items=\count112
\pgfsyssoftpath@bigbuffer@items=\count113
)
(/usr/share/texlive/texmf-dist/tex/generic/pgf/systemlayer/pgfsysprotocol.code.
tex
File: pgfsysprotocol.code.tex 2006/10/16  (rcs-revision 1.4)
)) (/usr/share/texlive/texmf-dist/tex/latex/xcolor/xcolor.sty
Package: xcolor 2016/05/11 v2.12 LaTeX color extensions (UK)

(/usr/share/texlive/texmf-dist/tex/latex/graphics-cfg/color.cfg
File: color.cfg 2016/01/02 v1.6 sample color configuration
)
Package xcolor Info: Driver file: pdftex.def on input line 225.
Package xcolor Info: Model `cmy' substituted by `cmy0' on input line 1348.
Package xcolor Info: Model `hsb' substituted by `rgb' on input line 1352.
Package xcolor Info: Model `RGB' extended on input line 1364.
Package xcolor Info: Model `HTML' substituted by `rgb' on input line 1366.
Package xcolor Info: Model `Hsb' substituted by `hsb' on input line 1367.
Package xcolor Info: Model `tHsb' substituted by `hsb' on input line 1368.
Package xcolor Info: Model `HSB' substituted by `hsb' on input line 1369.
Package xcolor Info: Model `Gray' substituted by `gray' on input line 1370.
Package xcolor Info: Model `wave' substituted by `hsb' on input line 1371.
)
(/usr/share/texlive/texmf-dist/tex/generic/pgf/basiclayer/pgfcore.code.tex
Package: pgfcore 2010/04/11 v3.0.1a (rcs-revision 1.7)

(/usr/share/texlive/texmf-dist/tex/generic/pgf/math/pgfmath.code.tex
(/usr/share/texlive/texmf-dist/tex/generic/pgf/math/pgfmathcalc.code.tex
(/usr/share/texlive/texmf-dist/tex/generic/pgf/math/pgfmathutil.code.tex)
(/usr/share/texlive/texmf-dist/tex/generic/pgf/math/pgfmathparser.code.tex
\pgfmath@dimen=\dimen138
\pgfmath@count=\count114
\pgfmath@box=\box35
\pgfmath@toks=\toks23
\pgfmath@stack@operand=\toks24
\pgfmath@stack@operation=\toks25
)
(/usr/share/texlive/texmf-dist/tex/generic/pgf/math/pgfmathfunctions.code.tex
(/usr/share/texlive/texmf-dist/tex/generic/pgf/math/pgfmathfunctions.basic.code
.tex)
(/usr/share/texlive/texmf-dist/tex/generic/pgf/math/pgfmathfunctions.trigonomet
ric.code.tex)
(/usr/share/texlive/texmf-dist/tex/generic/pgf/math/pgfmathfunctions.random.cod
e.tex)
(/usr/share/texlive/texmf-dist/tex/generic/pgf/math/pgfmathfunctions.comparison
.code.tex)
(/usr/share/texlive/texmf-dist/tex/generic/pgf/math/pgfmathfunctions.base.code.
tex)
(/usr/share/texlive/texmf-dist/tex/generic/pgf/math/pgfmathfunctions.round.code
.tex)
(/usr/share/texlive/texmf-dist/tex/generic/pgf/math/pgfmathfunctions.misc.code.
tex)
(/usr/share/texlive/texmf-dist/tex/generic/pgf/math/pgfmathfunctions.integerari
thmetics.code.tex)))
(/usr/share/texlive/texmf-dist/tex/generic/pgf/math/pgfmathfloat.code.tex
\c@pgfmathroundto@lastzeros=\count115
))
(/usr/share/texlive/texmf-dist/tex/generic/pgf/basiclayer/pgfcorepoints.code.te
x
File: pgfcorepoints.code.tex 2013/10/07  (rcs-revision 1.27)
\pgf@picminx=\dimen139
\pgf@picmaxx=\dimen140
\pgf@picminy=\dimen141
\pgf@picmaxy=\dimen142
\pgf@pathminx=\dimen143
\pgf@pathmaxx=\dimen144
\pgf@pathminy=\dimen145
\pgf@pathmaxy=\dimen146
\pgf@xx=\dimen147
\pgf@xy=\dimen148
\pgf@yx=\dimen149
\pgf@yy=\dimen150
\pgf@zx=\dimen151
\pgf@zy=\dimen152
)
(/usr/share/texlive/texmf-dist/tex/generic/pgf/basiclayer/pgfcorepathconstruct.
code.tex
File: pgfcorepathconstruct.code.tex 2013/10/07  (rcs-revision 1.29)
\pgf@path@lastx=\dimen153
\pgf@path@lasty=\dimen154
)
(/usr/share/texlive/texmf-dist/tex/generic/pgf/basiclayer/pgfcorepathusage.code
.tex
File: pgfcorepathusage.code.tex 2014/11/02  (rcs-revision 1.24)
\pgf@shorten@end@additional=\dimen155
\pgf@shorten@start@additional=\dimen156
)
(/usr/share/texlive/texmf-dist/tex/generic/pgf/basiclayer/pgfcorescopes.code.te
x
File: pgfcorescopes.code.tex 2015/05/08  (rcs-revision 1.46)
\pgfpic=\box36
\pgf@hbox=\box37
\pgf@layerbox@main=\box38
\pgf@picture@serial@count=\count116
)
(/usr/share/texlive/texmf-dist/tex/generic/pgf/basiclayer/pgfcoregraphicstate.c
ode.tex
File: pgfcoregraphicstate.code.tex 2014/11/02  (rcs-revision 1.12)
\pgflinewidth=\dimen157
)
(/usr/share/texlive/texmf-dist/tex/generic/pgf/basiclayer/pgfcoretransformation
s.code.tex
File: pgfcoretransformations.code.tex 2015/08/07  (rcs-revision 1.20)
\pgf@pt@x=\dimen158
\pgf@pt@y=\dimen159
\pgf@pt@temp=\dimen160
)
(/usr/share/texlive/texmf-dist/tex/generic/pgf/basiclayer/pgfcorequick.code.tex
File: pgfcorequick.code.tex 2008/10/09  (rcs-revision 1.3)
)
(/usr/share/texlive/texmf-dist/tex/generic/pgf/basiclayer/pgfcoreobjects.code.t
ex
File: pgfcoreobjects.code.tex 2006/10/11  (rcs-revision 1.2)
)
(/usr/share/texlive/texmf-dist/tex/generic/pgf/basiclayer/pgfcorepathprocessing
.code.tex
File: pgfcorepathprocessing.code.tex 2013/09/09  (rcs-revision 1.9)
)
(/usr/share/texlive/texmf-dist/tex/generic/pgf/basiclayer/pgfcorearrows.code.te
x
File: pgfcorearrows.code.tex 2015/05/14  (rcs-revision 1.43)
\pgfarrowsep=\dimen161
)
(/usr/share/texlive/texmf-dist/tex/generic/pgf/basiclayer/pgfcoreshade.code.tex
File: pgfcoreshade.code.tex 2013/07/15  (rcs-revision 1.15)
\pgf@max=\dimen162
\pgf@sys@shading@range@num=\count117
)
(/usr/share/texlive/texmf-dist/tex/generic/pgf/basiclayer/pgfcoreimage.code.tex
File: pgfcoreimage.code.tex 2013/07/15  (rcs-revision 1.18)

(/usr/share/texlive/texmf-dist/tex/generic/pgf/basiclayer/pgfcoreexternal.code.
tex
File: pgfcoreexternal.code.tex 2014/07/09  (rcs-revision 1.21)
\pgfexternal@startupbox=\box39
))
(/usr/share/texlive/texmf-dist/tex/generic/pgf/basiclayer/pgfcorelayers.code.te
x
File: pgfcorelayers.code.tex 2013/07/18  (rcs-revision 1.7)
)
(/usr/share/texlive/texmf-dist/tex/generic/pgf/basiclayer/pgfcoretransparency.c
ode.tex
File: pgfcoretransparency.code.tex 2013/09/30  (rcs-revision 1.5)
)
(/usr/share/texlive/texmf-dist/tex/generic/pgf/basiclayer/pgfcorepatterns.code.
tex
File: pgfcorepatterns.code.tex 2013/11/07  (rcs-revision 1.5)
))) (/usr/share/texlive/texmf-dist/tex/latex/pgf/utilities/xxcolor.sty
Package: xxcolor 2003/10/24 ver 0.1
\XC@nummixins=\count118
\XC@countmixins=\count119
)
(/usr/share/texlive/texmf-dist/tex/generic/oberdiek/atbegshi.sty
Package: atbegshi 2016/06/09 v1.18 At begin shipout hook (HO)

(/usr/share/texlive/texmf-dist/tex/generic/oberdiek/infwarerr.sty
Package: infwarerr 2016/05/16 v1.4 Providing info/warning/error messages (HO)
)
(/usr/share/texlive/texmf-dist/tex/generic/oberdiek/ltxcmds.sty
Package: ltxcmds 2016/05/16 v1.23 LaTeX kernel commands for general use (HO)
))
(/usr/share/texlive/texmf-dist/tex/latex/hyperref/hyperref.sty
Package: hyperref 2018/02/06 v6.86b Hypertext links for LaTeX

(/usr/share/texlive/texmf-dist/tex/generic/oberdiek/hobsub-hyperref.sty
Package: hobsub-hyperref 2016/05/16 v1.14 Bundle oberdiek, subset hyperref (HO)


(/usr/share/texlive/texmf-dist/tex/generic/oberdiek/hobsub-generic.sty
Package: hobsub-generic 2016/05/16 v1.14 Bundle oberdiek, subset generic (HO)
Package: hobsub 2016/05/16 v1.14 Construct package bundles (HO)
Package hobsub Info: Skipping package `infwarerr' (already loaded).
Package hobsub Info: Skipping package `ltxcmds' (already loaded).
Package: ifluatex 2016/05/16 v1.4 Provides the ifluatex switch (HO)
Package ifluatex Info: LuaTeX not detected.
Package hobsub Info: Skipping package `ifvtex' (already loaded).
Package: intcalc 2016/05/16 v1.2 Expandable calculations with integers (HO)
Package hobsub Info: Skipping package `ifpdf' (already loaded).
Package: etexcmds 2016/05/16 v1.6 Avoid name clashes with e-TeX commands (HO)
Package etexcmds Info: Could not find \expanded.
(etexcmds)             That can mean that you are not using pdfTeX 1.50 or
(etexcmds)             that some package has redefined \expanded.
(etexcmds)             In the latter case, load this package earlier.
Package: kvsetkeys 2016/05/16 v1.17 Key value parser (HO)
Package: kvdefinekeys 2016/05/16 v1.4 Define keys (HO)
Package: pdftexcmds 2018/01/30 v0.27 Utility functions of pdfTeX for LuaTeX (HO
)
Package pdftexcmds Info: LuaTeX not detected.
Package pdftexcmds Info: \pdf@primitive is available.
Package pdftexcmds Info: \pdf@ifprimitive is available.
Package pdftexcmds Info: \pdfdraftmode found.
Package: pdfescape 2016/05/16 v1.14 Implements pdfTeX's escape features (HO)
Package: bigintcalc 2016/05/16 v1.4 Expandable calculations on big integers (HO
)
Package: bitset 2016/05/16 v1.2 Handle bit-vector datatype (HO)
Package: uniquecounter 2016/05/16 v1.3 Provide unlimited unique counter (HO)
)
Package hobsub Info: Skipping package `hobsub' (already loaded).
Package: letltxmacro 2016/05/16 v1.5 Let assignment for LaTeX macros (HO)
Package: hopatch 2016/05/16 v1.3 Wrapper for package hooks (HO)
Package: xcolor-patch 2016/05/16 xcolor patch
Package: atveryend 2016/05/16 v1.9 Hooks at the very end of document (HO)
Package hobsub Info: Skipping package `atbegshi' (already loaded).
Package: refcount 2016/05/16 v3.5 Data extraction from label references (HO)
Package: hycolor 2016/05/16 v1.8 Color options for hyperref/bookmark (HO)
)
(/usr/share/texlive/texmf-dist/tex/latex/oberdiek/auxhook.sty
Package: auxhook 2016/05/16 v1.4 Hooks for auxiliary files (HO)
)
(/usr/share/texlive/texmf-dist/tex/latex/oberdiek/kvoptions.sty
Package: kvoptions 2016/05/16 v3.12 Key value format for package options (HO)
)
\@linkdim=\dimen163
\Hy@linkcounter=\count120
\Hy@pagecounter=\count121

(/usr/share/texlive/texmf-dist/tex/latex/hyperref/pd1enc.def
File: pd1enc.def 2018/02/06 v6.86b Hyperref: PDFDocEncoding definition (HO)
Now handling font encoding PD1 ...
... no UTF-8 mapping file for font encoding PD1
)
\Hy@SavedSpaceFactor=\count122

(/usr/share/texlive/texmf-dist/tex/latex/latexconfig/hyperref.cfg
File: hyperref.cfg 2002/06/06 v1.2 hyperref configuration of TeXLive
)
Package hyperref Info: Option `bookmarks' set `true' on input line 4383.
Package hyperref Info: Option `bookmarksopen' set `true' on input line 4383.
Package hyperref Info: Option `implicit' set `false' on input line 4383.
Package hyperref Info: Hyper figures OFF on input line 4509.
Package hyperref Info: Link nesting OFF on input line 4514.
Package hyperref Info: Hyper index ON on input line 4517.
Package hyperref Info: Plain pages OFF on input line 4524.
Package hyperref Info: Backreferencing OFF on input line 4529.
Package hyperref Info: Implicit mode OFF; no redefinition of LaTeX internals.
Package hyperref Info: Bookmarks ON on input line 4762.
\c@Hy@tempcnt=\count123

(/usr/share/texlive/texmf-dist/tex/latex/url/url.sty
\Urlmuskip=\muskip10
Package: url 2013/09/16  ver 3.4  Verb mode for urls, etc.
)
LaTeX Info: Redefining \url on input line 5115.
\XeTeXLinkMargin=\dimen164
\Fld@menulength=\count124
\Field@Width=\dimen165
\Fld@charsize=\dimen166
Package hyperref Info: Hyper figures OFF on input line 6369.
Package hyperref Info: Link nesting OFF on input line 6374.
Package hyperref Info: Hyper index ON on input line 6377.
Package hyperref Info: backreferencing OFF on input line 6384.
Package hyperref Info: Link coloring OFF on input line 6389.
Package hyperref Info: Link coloring with OCG OFF on input line 6394.
Package hyperref Info: PDF/A mode OFF on input line 6399.
LaTeX Info: Redefining \ref on input line 6439.
LaTeX Info: Redefining \pageref on input line 6443.
\Hy@abspage=\count125


Package hyperref Message: Stopped early.

)
Package hyperref Info: Driver (autodetected): hpdftex.
 (/usr/share/texlive/texmf-dist/tex/latex/hyperref/hpdftex.def
File: hpdftex.def 2018/02/06 v6.86b Hyperref driver for pdfTeX
\Fld@listcount=\count126
\c@bookmark@seq@number=\count127

(/usr/share/texlive/texmf-dist/tex/latex/oberdiek/rerunfilecheck.sty
Package: rerunfilecheck 2016/05/16 v1.8 Rerun checks for auxiliary files (HO)
Package uniquecounter Info: New unique counter `rerunfilecheck' on input line 2
82.
))
(/usr/share/texlive/texmf-dist/tex/latex/beamer/beamerbaserequires.sty
(/usr/share/texlive/texmf-dist/tex/latex/beamer/beamerbasecompatibility.sty)
(/usr/share/texlive/texmf-dist/tex/latex/beamer/beamerbasefont.sty
(/usr/share/texlive/texmf-dist/tex/latex/amsfonts/amssymb.sty
Package: amssymb 2013/01/14 v3.01 AMS font symbols

(/usr/share/texlive/texmf-dist/tex/latex/amsfonts/amsfonts.sty
Package: amsfonts 2013/01/14 v3.01 Basic AMSFonts support
\@emptytoks=\toks26
\symAMSa=\mathgroup4
\symAMSb=\mathgroup5
LaTeX Font Info:    Overwriting math alphabet `\mathfrak' in version `bold'
(Font)                  U/euf/m/n --> U/euf/b/n on input line 106.
))
(/usr/share/texlive/texmf-dist/tex/latex/sansmathaccent/sansmathaccent.sty
Package: sansmathaccent 2013/03/28

(/usr/share/texlive/texmf-dist/tex/latex/filehook/filehook.sty
Package: filehook 2011/10/12 v0.5d Hooks for input files
)))
(/usr/share/texlive/texmf-dist/tex/latex/beamer/beamerbasetranslator.sty
(/usr/share/texlive/texmf-dist/tex/latex/translator/translator.sty
Package: translator 2018/01/04 v1.12 Easy translation of strings in LaTeX
))
(/usr/share/texlive/texmf-dist/tex/latex/beamer/beamerbasemisc.sty)
(/usr/share/texlive/texmf-dist/tex/latex/beamer/beamerbasetwoscreens.sty)
(/usr/share/texlive/texmf-dist/tex/latex/beamer/beamerbaseoverlay.sty
\beamer@argscount=\count128
\beamer@lastskipcover=\skip44
\beamer@trivlistdepth=\count129
)
(/usr/share/texlive/texmf-dist/tex/latex/beamer/beamerbasetitle.sty)
(/usr/share/texlive/texmf-dist/tex/latex/beamer/beamerbasesection.sty
\c@lecture=\count130
\c@part=\count131
\c@section=\count132
\c@subsection=\count133
\c@subsubsection=\count134
)
(/usr/share/texlive/texmf-dist/tex/latex/beamer/beamerbaseframe.sty
\beamer@framebox=\box40
\beamer@frametitlebox=\box41
\beamer@zoombox=\box42
\beamer@zoomcount=\count135
\beamer@zoomframecount=\count136
\beamer@frametextheight=\dimen167
\c@subsectionslide=\count137
\beamer@frametopskip=\skip45
\beamer@framebottomskip=\skip46
\beamer@frametopskipautobreak=\skip47
\beamer@framebottomskipautobreak=\skip48
\beamer@envbody=\toks27
\framewidth=\dimen168
\c@framenumber=\count138
)
(/usr/share/texlive/texmf-dist/tex/latex/beamer/beamerbaseverbatim.sty
\beamer@verbatimfileout=\write4
)
(/usr/share/texlive/texmf-dist/tex/latex/beamer/beamerbaseframesize.sty
\beamer@splitbox=\box43
\beamer@autobreakcount=\count139
\beamer@autobreaklastheight=\dimen169
\beamer@frametitletoks=\toks28
\beamer@framesubtitletoks=\toks29
)
(/usr/share/texlive/texmf-dist/tex/latex/beamer/beamerbaseframecomponents.sty
\beamer@footins=\box44
)
(/usr/share/texlive/texmf-dist/tex/latex/beamer/beamerbasecolor.sty
\beamer@bg@ht=\dimen170
\beamer@bg@wd=\dimen171
\beamer@bg@dp=\dimen172
)
(/usr/share/texlive/texmf-dist/tex/latex/beamer/beamerbasenotes.sty
\beamer@frameboxcopy=\box45
)
(/usr/share/texlive/texmf-dist/tex/latex/beamer/beamerbasetoc.sty)
(/usr/share/texlive/texmf-dist/tex/latex/beamer/beamerbasetemplates.sty
\beamer@sbttoks=\toks30

(/usr/share/texlive/texmf-dist/tex/latex/beamer/beamerbaseauxtemplates.sty
(/usr/share/texlive/texmf-dist/tex/latex/beamer/beamerbaseboxes.sty
\bmb@box=\box46
\bmb@colorbox=\box47
\bmb@boxshadow=\box48
\bmb@boxshadowball=\box49
\bmb@boxshadowballlarge=\box50
\bmb@temp=\dimen173
\bmb@dima=\dimen174
\bmb@dimb=\dimen175
\bmb@prevheight=\dimen176
)
\beamer@blockheadheight=\dimen177
))
(/usr/share/texlive/texmf-dist/tex/latex/beamer/beamerbaselocalstructure.sty
(/usr/share/texlive/texmf-dist/tex/latex/tools/enumerate.sty
Package: enumerate 2015/07/23 v3.00 enumerate extensions (DPC)
\@enLab=\toks31
)
\c@figure=\count140
\c@table=\count141
\abovecaptionskip=\skip49
\belowcaptionskip=\skip50
)
(/usr/share/texlive/texmf-dist/tex/latex/beamer/beamerbasenavigation.sty
\beamer@section@min@dim=\dimen178
)
(/usr/share/texlive/texmf-dist/tex/latex/beamer/beamerbasetheorems.sty
(/usr/share/texlive/texmf-dist/tex/latex/amsmath/amsmath.sty
Package: amsmath 2017/09/02 v2.17a AMS math features
\@mathmargin=\skip51

For additional information on amsmath, use the `?' option.
(/usr/share/texlive/texmf-dist/tex/latex/amsmath/amstext.sty
Package: amstext 2000/06/29 v2.01 AMS text

(/usr/share/texlive/texmf-dist/tex/latex/amsmath/amsgen.sty
File: amsgen.sty 1999/11/30 v2.0 generic functions
\@emptytoks=\toks32
\ex@=\dimen179
))
(/usr/share/texlive/texmf-dist/tex/latex/amsmath/amsbsy.sty
Package: amsbsy 1999/11/29 v1.2d Bold Symbols
\pmbraise@=\dimen180
)
(/usr/share/texlive/texmf-dist/tex/latex/amsmath/amsopn.sty
Package: amsopn 2016/03/08 v2.02 operator names
)
\inf@bad=\count142
LaTeX Info: Redefining \frac on input line 213.
\uproot@=\count143
\leftroot@=\count144
LaTeX Info: Redefining \overline on input line 375.
\classnum@=\count145
\DOTSCASE@=\count146
LaTeX Info: Redefining \ldots on input line 472.
LaTeX Info: Redefining \dots on input line 475.
LaTeX Info: Redefining \cdots on input line 596.
\Mathstrutbox@=\box51
\strutbox@=\box52
\big@size=\dimen181
LaTeX Font Info:    Redeclaring font encoding OML on input line 712.
LaTeX Font Info:    Redeclaring font encoding OMS on input line 713.
\macc@depth=\count147
\c@MaxMatrixCols=\count148
\dotsspace@=\muskip11
\c@parentequation=\count149
\dspbrk@lvl=\count150
\tag@help=\toks33
\row@=\count151
\column@=\count152
\maxfields@=\count153
\andhelp@=\toks34
\eqnshift@=\dimen182
\alignsep@=\dimen183
\tagshift@=\dimen184
\tagwidth@=\dimen185
\totwidth@=\dimen186
\lineht@=\dimen187
\@envbody=\toks35
\multlinegap=\skip52
\multlinetaggap=\skip53
\mathdisplay@stack=\toks36
LaTeX Info: Redefining \[ on input line 2817.
LaTeX Info: Redefining \] on input line 2818.
)
(/usr/share/texlive/texmf-dist/tex/latex/amscls/amsthm.sty
Package: amsthm 2017/10/31 v2.20.4
\thm@style=\toks37
\thm@bodyfont=\toks38
\thm@headfont=\toks39
\thm@notefont=\toks40
\thm@headpunct=\toks41
\thm@preskip=\skip54
\thm@postskip=\skip55
\thm@headsep=\skip56
\dth@everypar=\toks42
)
\c@theorem=\count154
)
(/usr/share/texlive/texmf-dist/tex/latex/beamer/beamerbasethemes.sty))
(/usr/share/texlive/texmf-dist/tex/latex/beamer/beamerthemedefault.sty
(/usr/share/texlive/texmf-dist/tex/latex/beamer/beamerfontthemedefault.sty)
(/usr/share/texlive/texmf-dist/tex/latex/beamer/beamercolorthemedefault.sty)
(/usr/share/texlive/texmf-dist/tex/latex/beamer/beamerinnerthemedefault.sty
\beamer@dima=\dimen188
\beamer@dimb=\dimen189
)
(/usr/share/texlive/texmf-dist/tex/latex/beamer/beamerouterthemedefault.sty)))
(/usr/share/texlive/texmf-dist/tex/latex/base/inputenc.sty
Package: inputenc 2018/04/06 v1.3b Input encoding file
\inpenc@prehook=\toks43
\inpenc@posthook=\toks44
)
(./templates/beamerthemekit.sty (./templates/beamerthemekitbase.sty
(/usr/share/texlive/texmf-dist/tex/generic/babel/babel.sty
Package: babel 2018/06/05 3.22 The Babel package

(/usr/share/texlive/texmf-dist/tex/generic/babel/switch.def
File: switch.def 2018/06/05 3.22 Babel switching mechanism
)
(/usr/share/texlive/texmf-dist/tex/generic/babel-english/english.ldf
Language: english 2017/06/06 v3.3r English support from the babel system

(/usr/share/texlive/texmf-dist/tex/generic/babel/babel.def
File: babel.def 2018/06/05 3.22 Babel common definitions
\babel@savecnt=\count155
\U@D=\dimen190

(/usr/share/texlive/texmf-dist/tex/generic/babel/txtbabel.def)
LaTeX Info: Redefining \textlatin on input line 1915.
\bbl@dirlevel=\count156
)
\l@british = a dialect from \language\l@english 
\l@UKenglish = a dialect from \language\l@english 
\l@canadian = a dialect from \language\l@american 
\l@australian = a dialect from \language\l@british 
\l@newzealand = a dialect from \language\l@british 
)
(/usr/share/texlive/texmf-dist/tex/generic/babel-german/ngerman.ldf
Language: ngerman 2018/03/29 v2.10 German support for babel (post-1996 orthogra
phy)

(/usr/share/texlive/texmf-dist/tex/generic/babel-german/ngermanb.ldf
Language: ngermanb 2018/03/29 v2.10 German support for babel (post-1996 orthogr
aphy)


Package babel Warning: No hyphenation patterns were preloaded for
(babel)                the language `German (new orthography)' into the format.

(babel)                Please, configure your TeX system to add them and
(babel)                rebuild the format. Now I will use the patterns
(babel)                preloaded for english instead on input line 47.

\l@ngerman = a dialect from \language0
Package babel Info: Making " an active character on input line 121.
))) (/usr/share/texlive/texmf-dist/tex/latex/base/ifthen.sty
Package: ifthen 2014/09/29 v1.1c Standard LaTeX ifthen package (DPC)
)
(/usr/share/texlive/texmf-dist/tex/latex/textpos/textpos.sty
Package: textpos 2016/06/07 v1.8

Package: textpos 2016/06/07 1.8, absolute positioning of text on the page
\TP@textbox=\box53
\TP@holdbox=\box54
\TPHorizModule=\dimen191
\TPVertModule=\dimen192
\TP@margin=\dimen193
\TP@absmargin=\dimen194
Grid set 16 x 16 = 22.7622pt x 17.07166pt
\TPboxrulesize=\dimen195
\TP@ox=\dimen196
\TP@oy=\dimen197
\TP@tbargs=\toks45
\TP@prevdepth=\dimen198
TextBlockOrigin set to 0pt x 0pt
) (./templates/semirounded.sty)
(/usr/share/texlive/texmf-dist/tex/latex/overpic/overpic.sty
Package: overpic 2017/10/06 1.0 picture overlays

(/usr/share/texlive/texmf-dist/tex/latex/eepic/epic.sty
Enhancements to Picture Environment. Version 1.2 - Released June 1, 1986
\@@multicnt=\count157
\d@lta=\count158
\@delta=\dimen199
\@@delta=\dimen256
\@gridcnt=\count159
\@joinkind=\count160
\@dotgap=\dimen257
\@ddotgap=\dimen258
\@x@diff=\count161
\@y@diff=\count162
\x@diff=\dimen259
\y@diff=\dimen260
\@dotbox=\box55
\num@segments=\count163
\num@segmentsi=\count164
\@datafile=\read2
)) (/usr/share/texlive/texmf-dist/tex/latex/psnfss/helvet.sty
Package: helvet 2005/04/12 PSNFSS-v9.2a (WaS) 
)
(/usr/share/texlive/texmf-dist/tex/latex/beamer/beamerinnerthemerounded.sty)
(./templates/beamercolorthemekit.sty
\GPT@outputbox=\box56
))
\kitbottom=\skip57
)
(/usr/share/texlive/texmf-dist/tex/latex/tools/multicol.sty
Package: multicol 2018/04/20 v1.8s multicolumn formatting (FMi)
\c@tracingmulticols=\count165
\mult@box=\box57
\multicol@leftmargin=\dimen261
\c@unbalance=\count166
\c@collectmore=\count167
\doublecol@number=\count168
\multicoltolerance=\count169
\multicolpretolerance=\count170
\full@width=\dimen262
\page@free=\dimen263
\premulticols=\dimen264
\postmulticols=\dimen265
\multicolsep=\skip58
\multicolbaselineskip=\skip59
\partial@page=\box58
\last@line=\box59
\maxbalancingoverflow=\dimen266
\mult@rightbox=\box60
\mult@grightbox=\box61
\mult@gfirstbox=\box62
\mult@firstbox=\box63
\@tempa=\box64
\@tempa=\box65
\@tempa=\box66
\@tempa=\box67
\@tempa=\box68
\@tempa=\box69
\@tempa=\box70
\@tempa=\box71
\@tempa=\box72
\@tempa=\box73
\@tempa=\box74
\@tempa=\box75
\@tempa=\box76
\@tempa=\box77
\@tempa=\box78
\@tempa=\box79
\@tempa=\box80
\c@columnbadness=\count171
\c@finalcolumnbadness=\count172
\last@try=\dimen267
\multicolovershoot=\dimen268
\multicolundershoot=\dimen269
\mult@nat@firstbox=\box81
\colbreak@box=\box82
\mc@col@check@num=\count173
)
(/usr/share/texlive/texmf-dist/tex/latex/algorithm2e/algorithm2e.sty
Package: algorithm2e 2017/07/18 v5.2 algorithms environments
\c@AlgoLine=\count174
\algocf@hangindent=\skip60

(/usr/share/texlive/texmf-dist/tex/latex/ifoddpage/ifoddpage.sty
Package: ifoddpage 2016/04/23 v1.1 Conditionals for odd/even page detection
\c@checkoddpage=\count175
)
(/usr/share/texlive/texmf-dist/tex/latex/tools/xspace.sty
Package: xspace 2014/10/28 v1.13 Space after command names (DPC,MH)
)
(/usr/share/texlive/texmf-dist/tex/latex/relsize/relsize.sty
Package: relsize 2013/03/29 ver 4.1
)
\skiptotal=\skip61
\skiplinenumber=\skip62
\skiprule=\skip63
\skiphlne=\skip64
\skiptext=\skip65
\skiplength=\skip66
\algomargin=\skip67
\skipalgocfslide=\skip68
\algowidth=\dimen270
\inoutsize=\dimen271
\inoutindent=\dimen272
\interspacetitleruled=\dimen273
\interspacealgoruled=\dimen274
\interspacetitleboxruled=\dimen275
\algocf@ruledwidth=\skip69
\algocf@inoutbox=\box83
\algocf@inputbox=\box84
\AlCapSkip=\skip70
\AlCapHSkip=\skip71
\algoskipindent=\skip72
\algocf@nlbox=\box85
\algocf@hangingbox=\box86
\algocf@untilbox=\box87
\algocf@skipuntil=\skip73
\algocf@capbox=\box88
\algocf@lcaptionbox=\skip74
\algoheightruledefault=\skip75
\algoheightrule=\skip76
\algotitleheightruledefault=\skip77
\algotitleheightrule=\skip78
\c@algocfline=\count176
\c@algocfproc=\count177
\c@algocf=\count178
\algocf@algoframe=\box89
\algocf@algobox=\box90
)
(/usr/share/texlive/texmf-dist/tex/latex/soul/soul.sty
Package: soul 2003/11/17 v2.4 letterspacing/underlining (mf)
\SOUL@word=\toks46
\SOUL@lasttoken=\toks47
\SOUL@cmds=\toks48
\SOUL@buffer=\toks49
\SOUL@token=\toks50
\SOUL@spaceskip=\skip79
\SOUL@ttwidth=\dimen276
\SOUL@uldp=\dimen277
\SOUL@ulht=\dimen278
) (./Abschlussvortrag.aux)
\openout1 = `Abschlussvortrag.aux'.

LaTeX Font Info:    Checking defaults for OML/cmm/m/it on input line 47.
LaTeX Font Info:    ... okay on input line 47.
LaTeX Font Info:    Checking defaults for T1/cmr/m/n on input line 47.
LaTeX Font Info:    ... okay on input line 47.
LaTeX Font Info:    Checking defaults for OT1/cmr/m/n on input line 47.
LaTeX Font Info:    ... okay on input line 47.
LaTeX Font Info:    Checking defaults for OMS/cmsy/m/n on input line 47.
LaTeX Font Info:    ... okay on input line 47.
LaTeX Font Info:    Checking defaults for OMX/cmex/m/n on input line 47.
LaTeX Font Info:    ... okay on input line 47.
LaTeX Font Info:    Checking defaults for U/cmr/m/n on input line 47.
LaTeX Font Info:    ... okay on input line 47.
LaTeX Font Info:    Checking defaults for PD1/pdf/m/n on input line 47.
LaTeX Font Info:    ... okay on input line 47.
LaTeX Font Info:    Try loading font information for OT1+phv on input line 47.
 (/usr/share/texlive/texmf-dist/tex/latex/psnfss/ot1phv.fd
File: ot1phv.fd 2001/06/04 scalable font definitions for OT1/phv.
)
LaTeX Font Info:    Font shape `OT1/phv/m/n' will be
(Font)              scaled to size 10.07397pt on input line 47.

*geometry* driver: auto-detecting
*geometry* detected driver: pdftex
*geometry* verbose mode - [ preamble ] result:
* driver: pdftex
* paper: custom
* layout: <same size as paper>
* layoutoffset:(h,v)=(0.0pt,0.0pt)
* modes: includehead includefoot 
* h-part:(L,W,R)=(17.07164pt, 330.05208pt, 17.07164pt)
* v-part:(T,H,B)=(0.0pt, 273.14662pt, 0.0pt)
* \paperwidth=364.19536pt
* \paperheight=273.14662pt
* \textwidth=330.05208pt
* \textheight=244.6939pt
* \oddsidemargin=-55.19835pt
* \evensidemargin=-55.19835pt
* \topmargin=-72.26999pt
* \headheight=14.22636pt
* \headsep=0.0pt
* \topskip=11.0pt
* \footskip=14.22636pt
* \marginparwidth=4.0pt
* \marginparsep=10.0pt
* \columnsep=10.0pt
* \skip\footins=10.0pt plus 4.0pt minus 2.0pt
* \hoffset=0.0pt
* \voffset=0.0pt
* \mag=1000
* \@twocolumnfalse
* \@twosidefalse
* \@mparswitchfalse
* \@reversemarginfalse
* (1in=72.27pt=25.4mm, 1cm=28.453pt)

(/usr/share/texlive/texmf-dist/tex/context/base/mkii/supp-pdf.mkii
[Loading MPS to PDF converter (version 2006.09.02).]
\scratchcounter=\count179
\scratchdimen=\dimen279
\scratchbox=\box91
\nofMPsegments=\count180
\nofMParguments=\count181
\everyMPshowfont=\toks51
\MPscratchCnt=\count182
\MPscratchDim=\dimen280
\MPnumerator=\count183
\makeMPintoPDFobject=\count184
\everyMPtoPDFconversion=\toks52
) (/usr/share/texlive/texmf-dist/tex/latex/oberdiek/epstopdf-base.sty
Package: epstopdf-base 2016/05/15 v2.6 Base part for package epstopdf

(/usr/share/texlive/texmf-dist/tex/latex/oberdiek/grfext.sty
Package: grfext 2016/05/16 v1.2 Manage graphics extensions (HO)
)
Package epstopdf-base Info: Redefining graphics rule for `.eps' on input line 4
38.
Package grfext Info: Graphics extension search list:
(grfext)             [.pdf,.png,.jpg,.mps,.jpeg,.jbig2,.jb2,.PDF,.PNG,.JPG,.JPE
G,.JBIG2,.JB2,.eps]
(grfext)             \AppendGraphicsExtensions on input line 456.

(/usr/share/texlive/texmf-dist/tex/latex/latexconfig/epstopdf-sys.cfg
File: epstopdf-sys.cfg 2010/07/13 v1.3 Configuration of (r)epstopdf for TeX Liv
e
))
ABD: EveryShipout initializing macros
\AtBeginShipoutBox=\box92
Package hyperref Info: Link coloring OFF on input line 47.

(/usr/share/texlive/texmf-dist/tex/latex/hyperref/nameref.sty
Package: nameref 2016/05/21 v2.44 Cross-referencing by name of section

(/usr/share/texlive/texmf-dist/tex/generic/oberdiek/gettitlestring.sty
Package: gettitlestring 2016/05/16 v1.5 Cleanup title references (HO)
)
\c@section@level=\count185
)
LaTeX Info: Redefining \ref on input line 47.
LaTeX Info: Redefining \pageref on input line 47.
LaTeX Info: Redefining \nameref on input line 47.

(./Abschlussvortrag.out) (./Abschlussvortrag.out)
\@outlinefile=\write5
\openout5 = `Abschlussvortrag.out'.

LaTeX Font Info:    Overwriting symbol font `operators' in version `normal'
(Font)                  OT1/cmr/m/n --> OT1/cmss/m/n on input line 47.
LaTeX Font Info:    Overwriting symbol font `operators' in version `bold'
(Font)                  OT1/cmr/bx/n --> OT1/cmss/bx/n on input line 47.
\symnumbers=\mathgroup6
\sympureletters=\mathgroup7
LaTeX Font Info:    Overwriting math alphabet `\mathrm' in version `normal'
(Font)                  OT1/cmss/m/n --> OT1/cmr/m/n on input line 47.
LaTeX Font Info:    Redeclaring math alphabet \mathbf on input line 47.
LaTeX Font Info:    Overwriting math alphabet `\mathbf' in version `normal'
(Font)                  OT1/cmr/bx/n --> OT1/phv/bx/n on input line 47.
LaTeX Font Info:    Overwriting math alphabet `\mathbf' in version `bold'
(Font)                  OT1/cmr/bx/n --> OT1/phv/bx/n on input line 47.
LaTeX Font Info:    Redeclaring math alphabet \mathsf on input line 47.
LaTeX Font Info:    Overwriting math alphabet `\mathsf' in version `normal'
(Font)                  OT1/cmss/m/n --> OT1/phv/m/n on input line 47.
LaTeX Font Info:    Overwriting math alphabet `\mathsf' in version `bold'
(Font)                  OT1/cmss/bx/n --> OT1/phv/m/n on input line 47.
LaTeX Font Info:    Redeclaring math alphabet \mathit on input line 47.
LaTeX Font Info:    Overwriting math alphabet `\mathit' in version `normal'
(Font)                  OT1/cmr/m/it --> OT1/phv/m/it on input line 47.
LaTeX Font Info:    Overwriting math alphabet `\mathit' in version `bold'
(Font)                  OT1/cmr/bx/it --> OT1/phv/m/it on input line 47.
LaTeX Font Info:    Redeclaring math alphabet \mathtt on input line 47.
LaTeX Font Info:    Overwriting math alphabet `\mathtt' in version `normal'
(Font)                  OT1/cmtt/m/n --> OT1/cmtt/m/n on input line 47.
LaTeX Font Info:    Overwriting math alphabet `\mathtt' in version `bold'
(Font)                  OT1/cmtt/m/n --> OT1/cmtt/m/n on input line 47.
LaTeX Font Info:    Overwriting symbol font `numbers' in version `bold'
(Font)                  OT1/phv/m/n --> OT1/phv/bx/n on input line 47.
LaTeX Font Info:    Overwriting symbol font `pureletters' in version `bold'
(Font)                  OT1/phv/m/it --> OT1/phv/bx/it on input line 47.
LaTeX Font Info:    Overwriting math alphabet `\mathrm' in version `bold'
(Font)                  OT1/cmss/bx/n --> OT1/cmr/bx/n on input line 47.
LaTeX Font Info:    Overwriting math alphabet `\mathbf' in version `bold'
(Font)                  OT1/phv/bx/n --> OT1/phv/bx/n on input line 47.
LaTeX Font Info:    Overwriting math alphabet `\mathsf' in version `bold'
(Font)                  OT1/phv/m/n --> OT1/phv/bx/n on input line 47.
LaTeX Font Info:    Overwriting math alphabet `\mathit' in version `bold'
(Font)                  OT1/phv/m/it --> OT1/phv/bx/it on input line 47.
LaTeX Font Info:    Overwriting math alphabet `\mathtt' in version `bold'
(Font)                  OT1/cmtt/m/n --> OT1/cmtt/bx/n on input line 47.

(/usr/share/texlive/texmf-dist/tex/latex/translator/translator-basic-dictionary
-English.dict
Dictionary: translator-basic-dictionary, Language: English 
)
(/usr/share/texlive/texmf-dist/tex/latex/translator/translator-bibliography-dic
tionary-English.dict
Dictionary: translator-bibliography-dictionary, Language: English 
)
(/usr/share/texlive/texmf-dist/tex/latex/translator/translator-environment-dict
ionary-English.dict
Dictionary: translator-environment-dictionary, Language: English 
)
(/usr/share/texlive/texmf-dist/tex/latex/translator/translator-months-dictionar
y-English.dict
Dictionary: translator-months-dictionary, Language: English 
)
(/usr/share/texlive/texmf-dist/tex/latex/translator/translator-numbers-dictiona
ry-English.dict
Dictionary: translator-numbers-dictionary, Language: English 
)
(/usr/share/texlive/texmf-dist/tex/latex/translator/translator-theorem-dictiona
ry-English.dict
Dictionary: translator-theorem-dictionary, Language: English 
) (./Abschlussvortrag.nav)
LaTeX Font Info:    Font shape `OT1/phv/m/n' will be
(Font)              scaled to size 5.51999pt on input line 47.

Overfull \hbox (13.86234pt too wide) detected at line 47
  [] [][] [][] [][] [][][] [][][][][][][][][][][][][][][][][][][][][][][] [][][
][][] [][] [][]  
 []

<logos/kitlogo_en_rgb.pdf, id=127, 196.46399pt x 90.77916pt>
File: logos/kitlogo_en_rgb.pdf Graphic file (type pdf)
<use logos/kitlogo_en_rgb.pdf>
Package pdftex.def Info: logos/kitlogo_en_rgb.pdf  used on input line 60.
(pdftex.def)             Requested size: 65.44133pt x 30.2384pt.
<logos/infofak.png, id=128, 301.125pt x 69.25874pt>
File: logos/infofak.png Graphic file (type png)
<use logos/infofak.png>
Package pdftex.def Info: logos/infofak.png  used on input line 60.
(pdftex.def)             Requested size: 56.9055pt x 13.08743pt.
LaTeX Font Info:    Font shape `OT1/phv/m/n' will be
(Font)              scaled to size 13.24796pt on input line 60.
LaTeX Font Info:    Font shape `OT1/phv/bx/n' in size <14.4> not available
(Font)              Font shape `OT1/phv/b/n' tried instead on input line 60.
LaTeX Font Info:    Font shape `OT1/phv/b/n' will be
(Font)              scaled to size 13.24796pt on input line 60.
LaTeX Font Info:    Font shape `OT1/phv/m/n' will be
(Font)              scaled to size 7.35999pt on input line 60.
LaTeX Font Info:    Try loading font information for OMS+phv on input line 60.
(/usr/share/texlive/texmf-dist/tex/latex/psnfss/omsphv.fd
File: omsphv.fd 
)
LaTeX Font Info:    Font shape `OMS/phv/m/n' in size <8> not available
(Font)              Font shape `OMS/cmsy/m/n' tried instead on input line 60.
LaTeX Font Info:    Font shape `OT1/phv/m/n' will be
(Font)              scaled to size 3.68pt on input line 60.
LaTeX Font Info:    Font shape `OT1/phv/bx/n' in size <8> not available
(Font)              Font shape `OT1/phv/b/n' tried instead on input line 60.
LaTeX Font Info:    Font shape `OT1/phv/b/n' will be
(Font)              scaled to size 7.35999pt on input line 60.
<logos/Folientitelbild.jpg, id=131, 1486.55376pt x 471.7625pt>
File: logos/Folientitelbild.jpg Graphic file (type jpg)
<use logos/Folientitelbild.jpg>
Package pdftex.def Info: logos/Folientitelbild.jpg  used on input line 60.
(pdftex.def)             Requested size: 358.50409pt x 113.80838pt.
 [1

{/usr/share/texlive/texmf-dist/fonts/map/pdftex/updmap/pdftex.map} <./logos/kit
logo_en_rgb.pdf> <./logos/infofak.png> <./logos/Folientitelbild.jpg>] (./Abschl
ussvortrag.toc)
File: logos/kitlogo_en_rgb.pdf Graphic file (type pdf)
<use logos/kitlogo_en_rgb.pdf>
Package pdftex.def Info: logos/kitlogo_en_rgb.pdf  used on input line 67.
(pdftex.def)             Requested size: 39.83385pt x 18.40483pt.

Overfull \hbox (13.86234pt too wide) has occurred while \output is active
  [] [][] [][] [][] [][][] [][][][][][][][][][][][][][][][][][][][][][][] [][][
][][] [][] [][]  
 []

[2

]
LaTeX Font Info:    Font shape `OT1/phv/m/it' in size <10.95> not available
(Font)              Font shape `OT1/phv/m/sl' tried instead on input line 85.
LaTeX Font Info:    Font shape `OT1/phv/m/sl' will be
(Font)              scaled to size 10.07397pt on input line 85.
LaTeX Font Info:    Try loading font information for U+msa on input line 85.
 (/usr/share/texlive/texmf-dist/tex/latex/amsfonts/umsa.fd
File: umsa.fd 2013/01/14 v3.01 AMS symbols A
)
LaTeX Font Info:    Try loading font information for U+msb on input line 85.

(/usr/share/texlive/texmf-dist/tex/latex/amsfonts/umsb.fd
File: umsb.fd 2013/01/14 v3.01 AMS symbols B
)
LaTeX Font Info:    Font shape `OT1/phv/m/it' in size <8> not available
(Font)              Font shape `OT1/phv/m/sl' tried instead on input line 85.
LaTeX Font Info:    Font shape `OT1/phv/m/sl' will be
(Font)              scaled to size 7.35999pt on input line 85.
LaTeX Font Info:    Font shape `OT1/phv/m/it' in size <6> not available
(Font)              Font shape `OT1/phv/m/sl' tried instead on input line 85.
LaTeX Font Info:    Font shape `OT1/phv/m/sl' will be
(Font)              scaled to size 5.51999pt on input line 85.
<images/Motivation.jpg, id=291, 602.25pt x 389.455pt>
File: images/Motivation.jpg Graphic file (type jpg)
<use images/Motivation.jpg>
Package pdftex.def Info: images/Motivation.jpg  used on input line 85.
(pdftex.def)             Requested size: 120.44786pt x 77.88962pt.
File: logos/kitlogo_en_rgb.pdf Graphic file (type pdf)
<use logos/kitlogo_en_rgb.pdf>
Package pdftex.def Info: logos/kitlogo_en_rgb.pdf  used on input line 85.
(pdftex.def)             Requested size: 39.83385pt x 18.40483pt.

Overfull \hbox (13.86234pt too wide) has occurred while \output is active
  [] [][] [][] [][] [][][] [][][][][][][][][][][][][][][][][][][][][][][] [][][
][][] [][] [][]  
 []

[3

 <./images/Motivation.jpg>]
File: images/Motivation.jpg Graphic file (type jpg)
<use images/Motivation.jpg>
Package pdftex.def Info: images/Motivation.jpg  used on input line 85.
(pdftex.def)             Requested size: 120.44786pt x 77.88962pt.
File: logos/kitlogo_en_rgb.pdf Graphic file (type pdf)
<use logos/kitlogo_en_rgb.pdf>
Package pdftex.def Info: logos/kitlogo_en_rgb.pdf  used on input line 85.
(pdftex.def)             Requested size: 39.83385pt x 18.40483pt.

Overfull \hbox (13.86234pt too wide) has occurred while \output is active
  [] [][] [][] [][] [][][] [][][][][][][][][][][][][][][][][][][][][][][] [][][
][][] [][] [][]  
 []

[4

]
File: images/Motivation.jpg Graphic file (type jpg)
<use images/Motivation.jpg>
Package pdftex.def Info: images/Motivation.jpg  used on input line 85.
(pdftex.def)             Requested size: 120.44786pt x 77.88962pt.
File: logos/kitlogo_en_rgb.pdf Graphic file (type pdf)
<use logos/kitlogo_en_rgb.pdf>
Package pdftex.def Info: logos/kitlogo_en_rgb.pdf  used on input line 85.
(pdftex.def)             Requested size: 39.83385pt x 18.40483pt.

Overfull \hbox (13.86234pt too wide) has occurred while \output is active
  [] [][] [][] [][] [][][] [][][][][][][][][][][][][][][][][][][][][][][] [][][
][][] [][] [][]  
 []

[5

]
File: logos/kitlogo_en_rgb.pdf Graphic file (type pdf)
<use logos/kitlogo_en_rgb.pdf>
Package pdftex.def Info: logos/kitlogo_en_rgb.pdf  used on input line 100.
(pdftex.def)             Requested size: 39.83385pt x 18.40483pt.

Overfull \hbox (13.86234pt too wide) has occurred while \output is active
  [] [][] [][] [][] [][][] [][][][][][][][][][][][][][][][][][][][][][][] [][][
][][] [][] [][]  
 []

[6

]
LaTeX Font Info:    Font shape `OT1/phv/bx/n' in size <10.95> not available
(Font)              Font shape `OT1/phv/b/n' tried instead on input line 117.
LaTeX Font Info:    Font shape `OT1/phv/b/n' will be
(Font)              scaled to size 10.07397pt on input line 117.
File: logos/kitlogo_en_rgb.pdf Graphic file (type pdf)
<use logos/kitlogo_en_rgb.pdf>
Package pdftex.def Info: logos/kitlogo_en_rgb.pdf  used on input line 117.
(pdftex.def)             Requested size: 39.83385pt x 18.40483pt.

Overfull \hbox (13.86234pt too wide) has occurred while \output is active
  [] [][] [][] [][] [][][] [][][][][][][][][][][][][][][][][][][][][][][] [][][
][][] [][] [][]  
 []

[7

]
<images/Example_beamer.png, id=642, 304.0158pt x 166.7028pt>
File: images/Example_beamer.png Graphic file (type png)
<use images/Example_beamer.png>
Package pdftex.def Info: images/Example_beamer.png  used on input line 117.
(pdftex.def)             Requested size: 212.8096pt x 116.69115pt.
File: logos/kitlogo_en_rgb.pdf Graphic file (type pdf)
<use logos/kitlogo_en_rgb.pdf>
Package pdftex.def Info: logos/kitlogo_en_rgb.pdf  used on input line 117.
(pdftex.def)             Requested size: 39.83385pt x 18.40483pt.

Overfull \vbox (4.41898pt too high) detected at line 117
 []


Overfull \hbox (13.86234pt too wide) has occurred while \output is active
  [] [][] [][] [][] [][][] [][][][][][][][][][][][][][][][][][][][][][][] [][][
][][] [][] [][]  
 []

[8

 <./images/Example_beamer.png>]
LaTeX Font Info:    Font shape `OT1/phv/m/n' will be
(Font)              scaled to size 9.19998pt on input line 136.
File: logos/kitlogo_en_rgb.pdf Graphic file (type pdf)
<use logos/kitlogo_en_rgb.pdf>
Package pdftex.def Info: logos/kitlogo_en_rgb.pdf  used on input line 136.
(pdftex.def)             Requested size: 39.83385pt x 18.40483pt.

Overfull \hbox (13.86234pt too wide) has occurred while \output is active
  [] [][] [][] [][] [][][] [][][][][][][][][][][][][][][][][][][][][][][] [][][
][][] [][] [][]  
 []

[9

]
File: logos/kitlogo_en_rgb.pdf Graphic file (type pdf)
<use logos/kitlogo_en_rgb.pdf>
Package pdftex.def Info: logos/kitlogo_en_rgb.pdf  used on input line 136.
(pdftex.def)             Requested size: 39.83385pt x 18.40483pt.

Overfull \hbox (13.86234pt too wide) has occurred while \output is active
  [] [][] [][] [][] [][][] [][][][][][][][][][][][][][][][][][][][][][][] [][][
][][] [][] [][]  
 []

[10

]
File: logos/kitlogo_en_rgb.pdf Graphic file (type pdf)
<use logos/kitlogo_en_rgb.pdf>
Package pdftex.def Info: logos/kitlogo_en_rgb.pdf  used on input line 161.
(pdftex.def)             Requested size: 39.83385pt x 18.40483pt.

Overfull \hbox (13.86234pt too wide) has occurred while \output is active
  [] [][] [][] [][] [][][] [][][][][][][][][][][][][][][][][][][][][][][] [][][
][][] [][] [][]  
 []

[11

]
File: logos/kitlogo_en_rgb.pdf Graphic file (type pdf)
<use logos/kitlogo_en_rgb.pdf>
Package pdftex.def Info: logos/kitlogo_en_rgb.pdf  used on input line 175.
(pdftex.def)             Requested size: 39.83385pt x 18.40483pt.

Overfull \hbox (13.86234pt too wide) has occurred while \output is active
  [] [][] [][] [][] [][][] [][][][][][][][][][][][][][][][][][][][][][][] [][][
][][] [][] [][]  
 []

[12

]
LaTeX Font Info:    Font shape `OT1/phv/bx/it' in size <10.95> not available
(Font)              Font shape `OT1/phv/b/it' tried instead on input line 197.
LaTeX Font Info:    Font shape `OT1/phv/b/it' in size <10.95> not available
(Font)              Font shape `OT1/phv/b/sl' tried instead on input line 197.
LaTeX Font Info:    Font shape `OT1/phv/b/sl' will be
(Font)              scaled to size 10.07397pt on input line 197.
File: logos/kitlogo_en_rgb.pdf Graphic file (type pdf)
<use logos/kitlogo_en_rgb.pdf>
Package pdftex.def Info: logos/kitlogo_en_rgb.pdf  used on input line 197.
(pdftex.def)             Requested size: 39.83385pt x 18.40483pt.

Overfull \hbox (13.86234pt too wide) has occurred while \output is active
  [] [][] [][] [][] [][][] [][][][][][][][][][][][][][][][][][][][][][][] [][][
][][] [][] [][]  
 []

[13

]
File: logos/kitlogo_en_rgb.pdf Graphic file (type pdf)
<use logos/kitlogo_en_rgb.pdf>
Package pdftex.def Info: logos/kitlogo_en_rgb.pdf  used on input line 197.
(pdftex.def)             Requested size: 39.83385pt x 18.40483pt.

Overfull \hbox (13.86234pt too wide) has occurred while \output is active
  [] [][] [][] [][] [][][] [][][][][][][][][][][][][][][][][][][][][][][] [][][
][][] [][] [][]  
 []

[14

] (./eo_example.tex
<images/Example_EO_1.png, id=1135, 304.0158pt x 122.3772pt>
File: images/Example_EO_1.png Graphic file (type png)
<use images/Example_EO_1.png>
Package pdftex.def Info: images/Example_EO_1.png  used on input line 24.
(pdftex.def)             Requested size: 243.21295pt x 97.90187pt.
File: logos/kitlogo_en_rgb.pdf Graphic file (type pdf)
<use logos/kitlogo_en_rgb.pdf>
Package pdftex.def Info: logos/kitlogo_en_rgb.pdf  used on input line 24.
(pdftex.def)             Requested size: 39.83385pt x 18.40483pt.

Overfull \hbox (13.86234pt too wide) has occurred while \output is active
  [] [][] [][] [][] [][][] [][][][][][][][][][][][][][][][][][][][][][][] [][][
][][] [][] [][]  
 []

[15

 <./images/Example_EO_1.png>]
<images/Example_EO_2.png, id=1206, 305.4612pt x 122.3772pt>
File: images/Example_EO_2.png Graphic file (type png)
<use images/Example_EO_2.png>
Package pdftex.def Info: images/Example_EO_2.png  used on input line 46.
(pdftex.def)             Requested size: 244.36928pt x 97.90187pt.
File: logos/kitlogo_en_rgb.pdf Graphic file (type pdf)
<use logos/kitlogo_en_rgb.pdf>
Package pdftex.def Info: logos/kitlogo_en_rgb.pdf  used on input line 46.
(pdftex.def)             Requested size: 39.83385pt x 18.40483pt.

Overfull \hbox (13.86234pt too wide) has occurred while \output is active
  [] [][] [][] [][] [][][] [][][][][][][][][][][][][][][][][][][][][][][] [][][
][][] [][] [][]  
 []

[16

 <./images/Example_EO_2.png>]
<images/Example_EO_8.png, id=1277, 303.0522pt x 122.3772pt>
File: images/Example_EO_8.png Graphic file (type png)
<use images/Example_EO_8.png>
Package pdftex.def Info: images/Example_EO_8.png  used on input line 70.
(pdftex.def)             Requested size: 242.44208pt x 97.90187pt.
File: logos/kitlogo_en_rgb.pdf Graphic file (type pdf)
<use logos/kitlogo_en_rgb.pdf>
Package pdftex.def Info: logos/kitlogo_en_rgb.pdf  used on input line 70.
(pdftex.def)             Requested size: 39.83385pt x 18.40483pt.

Overfull \hbox (13.86234pt too wide) has occurred while \output is active
  [] [][] [][] [][] [][][] [][][][][][][][][][][][][][][][][][][][][][][] [][][
][][] [][] [][]  
 []

[17

 <./images/Example_EO_8.png>]
<images/Example_EO_9.png, id=1347, 303.0522pt x 120.2091pt>
File: images/Example_EO_9.png Graphic file (type png)
<use images/Example_EO_9.png>
Package pdftex.def Info: images/Example_EO_9.png  used on input line 94.
(pdftex.def)             Requested size: 242.44208pt x 96.1674pt.
File: logos/kitlogo_en_rgb.pdf Graphic file (type pdf)
<use logos/kitlogo_en_rgb.pdf>
Package pdftex.def Info: logos/kitlogo_en_rgb.pdf  used on input line 94.
(pdftex.def)             Requested size: 39.83385pt x 18.40483pt.

Overfull \hbox (13.86234pt too wide) has occurred while \output is active
  [] [][] [][] [][] [][][] [][][][][][][][][][][][][][][][][][][][][][][] [][][
][][] [][] [][]  
 []

[18

 <./images/Example_EO_9.png>])
File: logos/kitlogo_en_rgb.pdf Graphic file (type pdf)
<use logos/kitlogo_en_rgb.pdf>
Package pdftex.def Info: logos/kitlogo_en_rgb.pdf  used on input line 210.
(pdftex.def)             Requested size: 39.83385pt x 18.40483pt.

Overfull \hbox (13.86234pt too wide) has occurred while \output is active
  [] [][] [][] [][] [][][] [][][][][][][][][][][][][][][][][][][][][][][] [][][
][][] [][] [][]  
 []

[19

] (./neo_example.tex
<images/Example_NEO_1.png, id=1488, 304.0158pt x 121.4136pt>
File: images/Example_NEO_1.png Graphic file (type png)
<use images/Example_NEO_1.png>
Package pdftex.def Info: images/Example_NEO_1.png  used on input line 23.
(pdftex.def)             Requested size: 243.21295pt x 97.131pt.
File: logos/kitlogo_en_rgb.pdf Graphic file (type pdf)
<use logos/kitlogo_en_rgb.pdf>
Package pdftex.def Info: logos/kitlogo_en_rgb.pdf  used on input line 23.
(pdftex.def)             Requested size: 39.83385pt x 18.40483pt.

Overfull \hbox (13.86234pt too wide) has occurred while \output is active
  [] [][] [][] [][] [][][] [][][][][][][][][][][][][][][][][][][][][][][] [][][
][][] [][] [][]  
 []

[20

 <./images/Example_NEO_1.png>]
<images/Example_NEO_2.png, id=1558, 306.1839pt x 123.3408pt>
File: images/Example_NEO_2.png Graphic file (type png)
<use images/Example_NEO_2.png>
Package pdftex.def Info: images/Example_NEO_2.png  used on input line 45.
(pdftex.def)             Requested size: 244.94743pt x 98.67276pt.
File: logos/kitlogo_en_rgb.pdf Graphic file (type pdf)
<use logos/kitlogo_en_rgb.pdf>
Package pdftex.def Info: logos/kitlogo_en_rgb.pdf  used on input line 45.
(pdftex.def)             Requested size: 39.83385pt x 18.40483pt.

Overfull \hbox (13.86234pt too wide) has occurred while \output is active
  [] [][] [][] [][] [][][] [][][][][][][][][][][][][][][][][][][][][][][] [][][
][][] [][] [][]  
 []

[21

 <./images/Example_NEO_2.png>]
<images/Example_NEO_3.png, id=1629, 302.0886pt x 122.3772pt>
File: images/Example_NEO_3.png Graphic file (type png)
<use images/Example_NEO_3.png>
Package pdftex.def Info: images/Example_NEO_3.png  used on input line 67.
(pdftex.def)             Requested size: 241.67119pt x 97.90187pt.
File: logos/kitlogo_en_rgb.pdf Graphic file (type pdf)
<use logos/kitlogo_en_rgb.pdf>
Package pdftex.def Info: logos/kitlogo_en_rgb.pdf  used on input line 67.
(pdftex.def)             Requested size: 39.83385pt x 18.40483pt.

Overfull \hbox (13.86234pt too wide) has occurred while \output is active
  [] [][] [][] [][] [][][] [][][][][][][][][][][][][][][][][][][][][][][] [][][
][][] [][] [][]  
 []

[22

 <./images/Example_NEO_3.png>]
<images/Example_NEO_5.png, id=1700, 302.0886pt x 121.4136pt>
File: images/Example_NEO_5.png Graphic file (type png)
<use images/Example_NEO_5.png>
Package pdftex.def Info: images/Example_NEO_5.png  used on input line 89.
(pdftex.def)             Requested size: 241.67119pt x 97.131pt.
File: logos/kitlogo_en_rgb.pdf Graphic file (type pdf)
<use logos/kitlogo_en_rgb.pdf>
Package pdftex.def Info: logos/kitlogo_en_rgb.pdf  used on input line 89.
(pdftex.def)             Requested size: 39.83385pt x 18.40483pt.

Overfull \hbox (13.86234pt too wide) has occurred while \output is active
  [] [][] [][] [][] [][][] [][][][][][][][][][][][][][][][][][][][][][][] [][][
][][] [][] [][]  
 []

[23

 <./images/Example_NEO_5.png>])
File: logos/kitlogo_en_rgb.pdf Graphic file (type pdf)
<use logos/kitlogo_en_rgb.pdf>
Package pdftex.def Info: logos/kitlogo_en_rgb.pdf  used on input line 225.
(pdftex.def)             Requested size: 39.83385pt x 18.40483pt.

Overfull \hbox (13.86234pt too wide) has occurred while \output is active
  [] [][] [][] [][] [][][] [][][][][][][][][][][][][][][][][][][][][][][] [][][
][][] [][] [][]  
 []

[24

] (./or_example.tex
<images/Example_OR_1.png, id=1839, 300.8841pt x 122.3772pt>
File: images/Example_OR_1.png Graphic file (type png)
<use images/Example_OR_1.png>
Package pdftex.def Info: images/Example_OR_1.png  used on input line 19.
(pdftex.def)             Requested size: 240.70758pt x 97.90187pt.
File: logos/kitlogo_en_rgb.pdf Graphic file (type pdf)
<use logos/kitlogo_en_rgb.pdf>
Package pdftex.def Info: logos/kitlogo_en_rgb.pdf  used on input line 19.
(pdftex.def)             Requested size: 39.83385pt x 18.40483pt.

Overfull \hbox (13.86234pt too wide) has occurred while \output is active
  [] [][] [][] [][] [][][] [][][][][][][][][][][][][][][][][][][][][][][] [][][
][][] [][] [][]  
 []

[25

 <./images/Example_OR_1.png>]
<images/Example_OR_2.png, id=1911, 304.0158pt x 121.4136pt>
File: images/Example_OR_2.png Graphic file (type png)
<use images/Example_OR_2.png>
Package pdftex.def Info: images/Example_OR_2.png  used on input line 41.
(pdftex.def)             Requested size: 243.21295pt x 97.131pt.
File: logos/kitlogo_en_rgb.pdf Graphic file (type pdf)
<use logos/kitlogo_en_rgb.pdf>
Package pdftex.def Info: logos/kitlogo_en_rgb.pdf  used on input line 41.
(pdftex.def)             Requested size: 39.83385pt x 18.40483pt.

Overfull \hbox (13.86234pt too wide) has occurred while \output is active
  [] [][] [][] [][] [][][] [][][][][][][][][][][][][][][][][][][][][][][] [][][
][][] [][] [][]  
 []

[26

 <./images/Example_OR_2.png>]
<images/Example_OR_6.png, id=1981, 304.0158pt x 121.4136pt>
File: images/Example_OR_6.png Graphic file (type png)
<use images/Example_OR_6.png>
Package pdftex.def Info: images/Example_OR_6.png  used on input line 63.
(pdftex.def)             Requested size: 243.21295pt x 97.131pt.
File: logos/kitlogo_en_rgb.pdf Graphic file (type pdf)
<use logos/kitlogo_en_rgb.pdf>
Package pdftex.def Info: logos/kitlogo_en_rgb.pdf  used on input line 63.
(pdftex.def)             Requested size: 39.83385pt x 18.40483pt.

Overfull \hbox (13.86234pt too wide) has occurred while \output is active
  [] [][] [][] [][] [][][] [][][][][][][][][][][][][][][][][][][][][][][] [][][
][][] [][] [][]  
 []

[27

 <./images/Example_OR_6.png>]
<images/Example_OR_7.png, id=2052, 299.9205pt x 117.0774pt>
File: images/Example_OR_7.png Graphic file (type png)
<use images/Example_OR_7.png>
Package pdftex.def Info: images/Example_OR_7.png  used on input line 87.
(pdftex.def)             Requested size: 239.9367pt x 93.66203pt.

Underfull \hbox (badness 3492) in paragraph at lines 87--87
[]$\OT1/cmss/m/n/10.95 (\OT1/phv/m/sl/10.95 ph[]\OML/cmm/m/it/10.95 ; \OT1/phv/
m/sl/10.95 mt[] \OT1/cmss/m/n/10.95 : \OT1/phv/m/n/10.95 7\OML/cmm/m/it/10.95 ;
 \OT1/phv/m/n/10.95 2\OT1/cmss/m/n/10.95 )\OML/cmm/m/it/10.95 ; \OT1/cmss/m/n/1
0.95 (\OT1/phv/m/sl/10.95 b[]\OML/cmm/m/it/10.95 ; \OT1/phv/m/sl/10.95 mt[]\OML
/cmm/m/it/10.95 ; \OT1/phv/m/sl/10.95 r[] \OT1/cmss/m/n/10.95 : \OT1/phv/m/n/10
.95 9\OML/cmm/m/it/10.95 ; \OT1/phv/m/n/10.95 3\OT1/cmss/m/n/10.95 )\OML/cmm/m/
it/10.95 ; \OT1/cmss/m/n/10.95 (\OT1/phv/m/sl/10.95 b[]\OML/cmm/m/it/10.95 ; \O
T1/phv/m/sl/10.95 mt[] \OT1/cmss/m/n/10.95 : \OT1/phv/m/n/10.95 9\OML/cmm/m/it/
10.95 ; \OT1/phv/m/n/10.95 2\OT1/cmss/m/n/10.95 )\OML/cmm/m/it/10.95 ;$
 []

File: logos/kitlogo_en_rgb.pdf Graphic file (type pdf)
<use logos/kitlogo_en_rgb.pdf>
Package pdftex.def Info: logos/kitlogo_en_rgb.pdf  used on input line 87.
(pdftex.def)             Requested size: 39.83385pt x 18.40483pt.

Overfull \vbox (5.62689pt too high) detected at line 87
 []


Overfull \hbox (13.86234pt too wide) has occurred while \output is active
  [] [][] [][] [][] [][][] [][][][][][][][][][][][][][][][][][][][][][][] [][][
][][] [][] [][]  
 []

[28

 <./images/Example_OR_7.png>])
File: logos/kitlogo_en_rgb.pdf Graphic file (type pdf)
<use logos/kitlogo_en_rgb.pdf>
Package pdftex.def Info: logos/kitlogo_en_rgb.pdf  used on input line 241.
(pdftex.def)             Requested size: 39.83385pt x 18.40483pt.

Overfull \hbox (13.86234pt too wide) has occurred while \output is active
  [] [][] [][] [][] [][][] [][][][][][][][][][][][][][][][][][][][][][][] [][][
][][] [][] [][]  
 []

[29

] (./order_example.tex
File: images/Example_OR_1.png Graphic file (type png)
<use images/Example_OR_1.png>
Package pdftex.def Info: images/Example_OR_1.png  used on input line 19.
(pdftex.def)             Requested size: 240.70758pt x 97.90187pt.
File: logos/kitlogo_en_rgb.pdf Graphic file (type pdf)
<use logos/kitlogo_en_rgb.pdf>
Package pdftex.def Info: logos/kitlogo_en_rgb.pdf  used on input line 19.
(pdftex.def)             Requested size: 39.83385pt x 18.40483pt.

Overfull \hbox (13.86234pt too wide) has occurred while \output is active
  [] [][] [][] [][] [][][] [][][][][][][][][][][][][][][][][][][][][][][] [][][
][][] [][] [][]  
 []

[30

]
<images/Example_ORDER_2.png, id=2260, 299.9205pt x 120.2091pt>
File: images/Example_ORDER_2.png Graphic file (type png)
<use images/Example_ORDER_2.png>
Package pdftex.def Info: images/Example_ORDER_2.png  used on input line 41.
(pdftex.def)             Requested size: 239.9367pt x 96.1674pt.
File: logos/kitlogo_en_rgb.pdf Graphic file (type pdf)
<use logos/kitlogo_en_rgb.pdf>
Package pdftex.def Info: logos/kitlogo_en_rgb.pdf  used on input line 41.
(pdftex.def)             Requested size: 39.83385pt x 18.40483pt.

Overfull \hbox (13.86234pt too wide) has occurred while \output is active
  [] [][] [][] [][] [][][] [][][][][][][][][][][][][][][][][][][][][][][] [][][
][][] [][] [][]  
 []

[31

 <./images/Example_ORDER_2.png>]
<images/Example_ORDER_6.png, id=2332, 300.8841pt x 121.4136pt>
File: images/Example_ORDER_6.png Graphic file (type png)
<use images/Example_ORDER_6.png>
Package pdftex.def Info: images/Example_ORDER_6.png  used on input line 63.
(pdftex.def)             Requested size: 240.70758pt x 97.131pt.
File: logos/kitlogo_en_rgb.pdf Graphic file (type pdf)
<use logos/kitlogo_en_rgb.pdf>
Package pdftex.def Info: logos/kitlogo_en_rgb.pdf  used on input line 63.
(pdftex.def)             Requested size: 39.83385pt x 18.40483pt.

Overfull \hbox (13.86234pt too wide) has occurred while \output is active
  [] [][] [][] [][] [][][] [][][][][][][][][][][][][][][][][][][][][][][] [][][
][][] [][] [][]  
 []

[32

 <./images/Example_ORDER_6.png>]
<images/Example_ORDER_12.png, id=2403, 300.8841pt x 121.4136pt>
File: images/Example_ORDER_12.png Graphic file (type png)
<use images/Example_ORDER_12.png>
Package pdftex.def Info: images/Example_ORDER_12.png  used on input line 85.
(pdftex.def)             Requested size: 240.70758pt x 97.131pt.
File: logos/kitlogo_en_rgb.pdf Graphic file (type pdf)
<use logos/kitlogo_en_rgb.pdf>
Package pdftex.def Info: logos/kitlogo_en_rgb.pdf  used on input line 85.
(pdftex.def)             Requested size: 39.83385pt x 18.40483pt.

Overfull \hbox (13.86234pt too wide) has occurred while \output is active
  [] [][] [][] [][] [][][] [][][][][][][][][][][][][][][][][][][][][][][] [][][
][][] [][] [][]  
 []

[33

 <./images/Example_ORDER_12.png>]
Underfull \hbox (badness 10000) in paragraph at lines 118--118
[]$\OT1/cmss/m/n/10.95 (\OT1/phv/m/sl/10.95 b[]\OML/cmm/m/it/10.95 ; \OT1/phv/m
/sl/10.95 r[] \OT1/cmss/m/n/10.95 : \OT1/phv/m/n/10.95 5\OML/cmm/m/it/10.95 ; \
OT1/cmss/m/n/10.95 [\OT1/phv/m/sl/10.95 ph\OT1/cmss/m/n/10.95 ])\OML/cmm/m/it/1
0.95 ; \OT1/cmss/m/n/10.95 (\OT1/phv/m/sl/10.95 b[]\OML/cmm/m/it/10.95 ; \OT1/p
hv/m/sl/10.95 r[]\OML/cmm/m/it/10.95 ; \OT1/phv/m/sl/10.95 ph \OT1/cmss/m/n/10.
95 : \OT1/phv/m/n/10.95 5\OML/cmm/m/it/10.95 ; \OT1/cmss/m/n/10.95 [\OT1/phv/m/
sl/10.95 ph\OT1/cmss/m/n/10.95 ])\OML/cmm/m/it/10.95 ; \OT1/cmss/m/n/10.95 (\OT
1/phv/m/sl/10.95 ph[]\OML/cmm/m/it/10.95 ; \OT1/phv/m/sl/10.95 r[] \OT1/cmss/m/
n/10.95 :
 []


Underfull \hbox (badness 6300) in paragraph at lines 118--118
\OT1/phv/m/n/10.95 5\OML/cmm/m/it/10.95 ; \OT1/cmss/m/n/10.95 [\OT1/phv/m/sl/10
.95 b\OT1/cmss/m/n/10.95 ])\OML/cmm/m/it/10.95 ; \OT1/cmss/m/n/10.95 (\OT1/phv/
m/sl/10.95 b[]\OML/cmm/m/it/10.95 ; \OT1/phv/m/sl/10.95 r[]\OML/cmm/m/it/10.95 
; \OT1/phv/m/sl/10.95 ph[] \OT1/cmss/m/n/10.95 : \OT1/phv/m/n/10.95 7\OML/cmm/m
/it/10.95 ; \OT1/cmss/m/n/10.95 [])\OML/cmm/m/it/10.95 ;$ [][] $; \OT1/cmss/m/n
/10.95 (\OT1/phv/m/sl/10.95 b[]\OML/cmm/m/it/10.95 ; \OT1/phv/m/sl/10.95 r[] \O
T1/cmss/m/n/10.95 :
 []


Underfull \hbox (badness 2884) in paragraph at lines 118--118
[]$\OT1/cmss/m/n/10.95 (\OT1/phv/m/sl/10.95 b[]\OML/cmm/m/it/10.95 ; \OT1/phv/m
/sl/10.95 r[] \OT1/cmss/m/n/10.95 : \OT1/phv/m/n/10.95 5\OML/cmm/m/it/10.95 ; \
OT1/cmss/m/n/10.95 [\OT1/phv/m/sl/10.95 ph\OT1/cmss/m/n/10.95 ])\OML/cmm/m/it/1
0.95 ; \OT1/cmss/m/n/10.95 (\OT1/phv/m/sl/10.95 b[]\OML/cmm/m/it/10.95 ; \OT1/p
hv/m/sl/10.95 r[] \OT1/cmss/m/n/10.95 : \OT1/phv/m/n/10.95 5\OML/cmm/m/it/10.95
 ; \OT1/cmss/m/n/10.95 [\OT1/phv/m/sl/10.95 ph\OT1/cmss/m/n/10.95 ])\OML/cmm/m/
it/10.95 ; \OT1/cmss/m/n/10.95 (\OT1/phv/m/sl/10.95 ph[]\OML/cmm/m/it/10.95 ; \
OT1/phv/m/sl/10.95 r[]\OML/cmm/m/it/10.95 ; \OT1/phv/m/sl/10.95 b[] \OT1/cmss/m
/n/10.95 : \OT1/phv/m/n/10.95 6\OML/cmm/m/it/10.95 ; \OT1/cmss/m/n/10.95 [])\OM
L/cmm/m/it/10.95 ;$
 []

File: logos/kitlogo_en_rgb.pdf Graphic file (type pdf)
<use logos/kitlogo_en_rgb.pdf>
Package pdftex.def Info: logos/kitlogo_en_rgb.pdf  used on input line 118.
(pdftex.def)             Requested size: 39.83385pt x 18.40483pt.

Overfull \vbox (89.82729pt too high) detected at line 118
 []


Overfull \hbox (13.86234pt too wide) has occurred while \output is active
  [] [][] [][] [][] [][][] [][][][][][][][][][][][][][][][][][][][][][][] [][][
][][] [][] [][]  
 []

[34

])
File: logos/kitlogo_en_rgb.pdf Graphic file (type pdf)
<use logos/kitlogo_en_rgb.pdf>
Package pdftex.def Info: logos/kitlogo_en_rgb.pdf  used on input line 254.
(pdftex.def)             Requested size: 39.83385pt x 18.40483pt.

Overfull \hbox (13.86234pt too wide) has occurred while \output is active
  [] [][] [][] [][] [][][] [][][][][][][][][][][][][][][][][][][][][][][] [][][
][][] [][] [][]  
 []

[35

]
File: logos/kitlogo_en_rgb.pdf Graphic file (type pdf)
<use logos/kitlogo_en_rgb.pdf>
Package pdftex.def Info: logos/kitlogo_en_rgb.pdf  used on input line 263.
(pdftex.def)             Requested size: 39.83385pt x 18.40483pt.

Overfull \hbox (13.86234pt too wide) has occurred while \output is active
  [] [][] [][] [][] [][][] [][][][][][][][][][][][][][][][][][][][][][][] [][][
][][] [][] [][]  
 []

[36

]
File: logos/kitlogo_en_rgb.pdf Graphic file (type pdf)
<use logos/kitlogo_en_rgb.pdf>
Package pdftex.def Info: logos/kitlogo_en_rgb.pdf  used on input line 272.
(pdftex.def)             Requested size: 39.83385pt x 18.40483pt.

Overfull \hbox (13.86234pt too wide) has occurred while \output is active
  [] [][] [][] [][] [][][] [][][][][][][][][][][][][][][][][][][][][][][] [][][
][][] [][] [][]  
 []

[37

]
File: logos/kitlogo_en_rgb.pdf Graphic file (type pdf)
<use logos/kitlogo_en_rgb.pdf>
Package pdftex.def Info: logos/kitlogo_en_rgb.pdf  used on input line 281.
(pdftex.def)             Requested size: 39.83385pt x 18.40483pt.

Overfull \hbox (13.86234pt too wide) has occurred while \output is active
  [] [][] [][] [][] [][][] [][][][][][][][][][][][][][][][][][][][][][][] [][][
][][] [][] [][]  
 []

[38

]
File: logos/kitlogo_en_rgb.pdf Graphic file (type pdf)
<use logos/kitlogo_en_rgb.pdf>
Package pdftex.def Info: logos/kitlogo_en_rgb.pdf  used on input line 290.
(pdftex.def)             Requested size: 39.83385pt x 18.40483pt.

Overfull \hbox (13.86234pt too wide) has occurred while \output is active
  [] [][] [][] [][] [][][] [][][][][][][][][][][][][][][][][][][][][][][] [][][
][][] [][] [][]  
 []

[39

]
File: logos/kitlogo_en_rgb.pdf Graphic file (type pdf)
<use logos/kitlogo_en_rgb.pdf>
Package pdftex.def Info: logos/kitlogo_en_rgb.pdf  used on input line 299.
(pdftex.def)             Requested size: 39.83385pt x 18.40483pt.

Overfull \hbox (13.86234pt too wide) has occurred while \output is active
  [] [][] [][] [][] [][][] [][][][][][][][][][][][][][][][][][][][][][][] [][][
][][] [][] [][]  
 []

[40

]
Overfull \hbox (224.05089pt too wide) in paragraph at lines 811--811
[]\OT1/cmtt/m/n/10.95 https://www.wired.com/2016/08/an-exclusive-look-at-how-ai
-and-machine-learning-work-at-apple/  
 []


Overfull \hbox (97.57976pt too wide) in paragraph at lines 811--811
[]\OT1/cmtt/m/n/10.95 http://electronics.howstuffworks.com/gadgets/high-tech-ga
dgets/siri.htm  
 []


Overfull \hbox (488.49052pt too wide) in paragraph at lines 811--811
[]\OT1/cmtt/m/n/10.95 http://www.unwiredview.com/2011/10/12/how-siri-on-iphone-
4s-works-and-why-it-a-big-deal-apple's-ai-tech-details-in-230-pages-of-patent-a
pp/  
 []


Overfull \hbox (229.79958pt too wide) in paragraph at lines 811--811
[]\OT1/cmtt/m/n/10.95 https://techcrunch.com/2016/05/18/google-unveils-google-a
ssistant-a-big-upgrade-to-google-now/  
 []


Overfull \hbox (143.56926pt too wide) in paragraph at lines 811--811
[]\OT1/cmtt/m/n/10.95 https://chrome.googleblog.com/2014/02/get-notifications-f
rom-google-now-in.html  
 []


Overfull \hbox (17.09813pt too wide) in paragraph at lines 811--811
[]\OT1/cmtt/m/n/10.95 https://support.google.com/websearch/answer/6304517?hl=de
  
 []


Overfull \hbox (143.56926pt too wide) in paragraph at lines 811--811
[]\OT1/cmtt/m/n/10.95 https://www.engadget.com/2014/08/15/google-voice-search-m
ulti-language-default/  
 []


Overfull \hbox (189.55876pt too wide) in paragraph at lines 811--811
[]\OT1/cmtt/m/n/10.95 http://lifehacker.com/use-some-google-now-voice-commands-
without-an-internet-1733336980  
 []


Overfull \hbox (505.73659pt too wide) in paragraph at lines 811--811
[]\OT1/cmtt/m/n/10.95 https://blogs.windows.com/windowsexperience/2014/07/30/wi
ndows-phone-8-1-update-brings-cortana-to-new-markets-new-features/JWs4xbDf9Di7x
5Zu.97  
 []


Overfull \hbox (143.56926pt too wide) in paragraph at lines 811--811
[]\OT1/cmtt/m/n/10.95 http://www.zdnet.com/article/microsoft-gears-up-for-corta
na-on-android-preview/  
 []


Overfull \hbox (68.83632pt too wide) in paragraph at lines 811--811
[]\OT1/cmtt/m/n/10.95 https://www.neowin.net/news/windows-10-cortana-now-syncs-
reminders  
 []


Overfull \hbox (310.2812pt too wide) in paragraph at lines 811--811
[]\OT1/cmtt/m/n/10.95 http://www.cmswire.com/cms/big-data/why-microsofts-cortan
a-is-14-for-14-calling-world-cup-matches-025853.php  
 []


Overfull \hbox (80.3337pt too wide) in paragraph at lines 811--811
[]\OT1/cmtt/m/n/10.95 https://www.digitaltrends.com/computing/get-know-cortana-
windows-10/  
 []


Overfull \hbox (333.27596pt too wide) in paragraph at lines 811--811
[]\OT1/cmtt/m/n/10.95 https://www.thurrott.com/windows/windows-10/67251/cortana
-can-now-sync-notifications-android-phone-windows-10-pc  
 []


Overfull \hbox (17.09813pt too wide) in paragraph at lines 811--811
[]\OT1/cmtt/m/n/10.95 https://www.windowscentral.com/hands-on-hey-cortana-video
  
 []


Overfull \hbox (373.51677pt too wide) in paragraph at lines 811--811
[]\OT1/cmtt/m/n/10.95 https://support.microsoft.com/en-gb/instantanswers/557b5e
0e-0eb0-44db-87d6-5e5db6f9c5b0/cortana-s-regions-and-languages  
 []


Overfull \hbox (155.06664pt too wide) in paragraph at lines 811--811
[]\OT1/cmtt/m/n/10.95 https://www.howtogeek.com/225458/15-things-you-can-do-wit
h-cortana-on-windows-10/  
 []


Overfull \hbox (178.06139pt too wide) in paragraph at lines 811--811
[]\OT1/cmtt/m/n/10.95 https://www.theverge.com/2014/4/2/5570866/cortana-windows
-phone-8-1-digital-assistant  
 []


Overfull \hbox (327.52727pt too wide) in paragraph at lines 811--811
[]\OT1/cmtt/m/n/10.95 https://www.recode.net/2014/9/22/11631126/five-things-you
-didnt-know-about-cortana-microsofts-virtual-assistant  
 []


Overfull \hbox (396.51152pt too wide) in paragraph at lines 811--811
[]\OT1/cmtt/m/n/10.95 http://www.pcworld.com/article/2881902/cortanas-ui-now-ex
presses-18-different-emotions-siri-remains-detached-and-aloof.html  
 []


Overfull \hbox (229.79958pt too wide) in paragraph at lines 811--811
[]\OT1/cmtt/m/n/10.95 https://www.engadget.com/2017/05/10/stub-microsoft-takes-
aim-at-alexa-with-cortana-skills-kit/  
 []


Overfull \hbox (206.80482pt too wide) in paragraph at lines 811--811
[]\OT1/cmtt/m/n/10.95 http://www.paksafe.de/blog/die-digitalen-assistenten-im-v
ergleich-teil-2-unserer-miniserie  
 []


Overfull \hbox (172.3127pt too wide) in paragraph at lines 811--811
[]\OT1/cmtt/m/n/10.95 https://theoutline.com/post/1192/google-s-featured-snippe
ts-are-worse-than-fake-news  
 []


Overfull \hbox (247.04564pt too wide) in paragraph at lines 811--811
[]\OT1/cmtt/m/n/10.95 https://www.pcwelt.de/ratgeber/Spracherkennung-Siri-Corta
na-Google-Now-im-Ueberblick-9847719.html  
 []


Overfull \hbox (114.82582pt too wide) in paragraph at lines 811--811
[]\OT1/cmtt/m/n/10.95 https://www.stonetemple.com/great-knowledge-box-showdown/
VoiceStudyResults  
 []


Overfull \hbox (137.82057pt too wide) in paragraph at lines 811--811
[]\OT1/cmtt/m/n/10.95 https://www.cnet.com/news/google-search-vs-siri-voice-sea
rch-speed-test-video/  
 []


Overfull \hbox (183.81007pt too wide) in paragraph at lines 811--811
[]\OT1/cmtt/m/n/10.95 http://www.pocket-lint.com/news/136238-siri-vs-cortana-wh
ich-is-the-funniest-assistant  
 []

File: logos/kitlogo_en_rgb.pdf Graphic file (type pdf)
<use logos/kitlogo_en_rgb.pdf>
Package pdftex.def Info: logos/kitlogo_en_rgb.pdf  used on input line 811.
(pdftex.def)             Requested size: 39.83385pt x 18.40483pt.
[41

 </usr/share/texlive/texmf-dist/tex/latex/beamer/beamericonarticle.pdf>]
File: logos/kitlogo_en_rgb.pdf Graphic file (type pdf)
<use logos/kitlogo_en_rgb.pdf>
Package pdftex.def Info: logos/kitlogo_en_rgb.pdf  used on input line 811.
(pdftex.def)             Requested size: 39.83385pt x 18.40483pt.

[42


]
File: logos/kitlogo_en_rgb.pdf Graphic file (type pdf)
<use logos/kitlogo_en_rgb.pdf>
Package pdftex.def Info: logos/kitlogo_en_rgb.pdf  used on input line 811.
(pdftex.def)             Requested size: 39.83385pt x 18.40483pt.
 [43


]
File: logos/kitlogo_en_rgb.pdf Graphic file (type pdf)
<use logos/kitlogo_en_rgb.pdf>
Package pdftex.def Info: logos/kitlogo_en_rgb.pdf  used on input line 811.
(pdftex.def)             Requested size: 39.83385pt x 18.40483pt.
 [44


]
File: logos/kitlogo_en_rgb.pdf Graphic file (type pdf)
<use logos/kitlogo_en_rgb.pdf>
Package pdftex.def Info: logos/kitlogo_en_rgb.pdf  used on input line 811.
(pdftex.def)             Requested size: 39.83385pt x 18.40483pt.
 [45


]
File: logos/kitlogo_en_rgb.pdf Graphic file (type pdf)
<use logos/kitlogo_en_rgb.pdf>
Package pdftex.def Info: logos/kitlogo_en_rgb.pdf  used on input line 811.
(pdftex.def)             Requested size: 39.83385pt x 18.40483pt.
 [46


]
File: logos/kitlogo_en_rgb.pdf Graphic file (type pdf)
<use logos/kitlogo_en_rgb.pdf>
Package pdftex.def Info: logos/kitlogo_en_rgb.pdf  used on input line 811.
(pdftex.def)             Requested size: 39.83385pt x 18.40483pt.
 [47


]
File: logos/kitlogo_en_rgb.pdf Graphic file (type pdf)
<use logos/kitlogo_en_rgb.pdf>
Package pdftex.def Info: logos/kitlogo_en_rgb.pdf  used on input line 811.
(pdftex.def)             Requested size: 39.83385pt x 18.40483pt.
 [48


]
\tf@nav=\write6
\openout6 = `Abschlussvortrag.nav'.

\tf@toc=\write7
\openout7 = `Abschlussvortrag.toc'.

\tf@snm=\write8
\openout8 = `Abschlussvortrag.snm'.

Package atveryend Info: Empty hook `BeforeClearDocument' on input line 813.
Package atveryend Info: Empty hook `AfterLastShipout' on input line 813.
 (./Abschlussvortrag.aux)
Package atveryend Info: Executing hook `AtVeryEndDocument' on input line 813.
Package atveryend Info: Executing hook `AtEndAfterFileList' on input line 813.
Package rerunfilecheck Info: File `Abschlussvortrag.out' has not changed.
(rerunfilecheck)             Checksum: E49786CF56409EACA7577D64C052DD78;957.
 ) 
Here is how much of TeX's memory you used:
 19691 strings out of 494587
 366069 string characters out of 6177759
 483728 words of memory out of 5000000
 22667 multiletter control sequences out of 15000+600000
 31396 words of font info for 62 fonts, out of 8000000 for 9000
 14 hyphenation exceptions out of 8191
 56i,20n,61p,783b,746s stack positions out of 5000i,500n,10000p,200000b,80000s
{/usr/share/texlive/texmf-dist/fonts/enc/dvips/base/8r.enc}</usr/share/texliv
e/texmf-dist/fonts/type1/public/amsfonts/cm/cmmi10.pfb></usr/share/texlive/texm
f-dist/fonts/type1/public/amsfonts/cm/cmmi8.pfb></usr/share/texlive/texmf-dist/
fonts/type1/public/amsfonts/cm/cmr10.pfb></usr/share/texlive/texmf-dist/fonts/t
ype1/public/amsfonts/cm/cmss10.pfb></usr/share/texlive/texmf-dist/fonts/type1/p
ublic/amsfonts/cm/cmss8.pfb></usr/share/texlive/texmf-dist/fonts/type1/public/a
msfonts/cm/cmsy10.pfb></usr/share/texlive/texmf-dist/fonts/type1/public/amsfont
s/cm/cmsy6.pfb></usr/share/texlive/texmf-dist/fonts/type1/public/amsfonts/cm/cm
sy8.pfb></usr/share/texlive/texmf-dist/fonts/type1/public/amsfonts/cm/cmtt10.pf
b></usr/share/texlive/texmf-dist/fonts/type1/urw/helvetic/uhvb8a.pfb></usr/shar
e/texlive/texmf-dist/fonts/type1/urw/helvetic/uhvbo8a.pfb></usr/share/texlive/t
exmf-dist/fonts/type1/urw/helvetic/uhvr8a.pfb></usr/share/texlive/texmf-dist/fo
nts/type1/urw/helvetic/uhvro8a.pfb>
Output written on Abschlussvortrag.pdf (48 pages, 1405118 bytes).
PDF statistics:
 3312 PDF objects out of 3580 (max. 8388607)
 3127 compressed objects within 32 object streams
 151 named destinations out of 1000 (max. 500000)
 299 words of extra memory for PDF output out of 10000 (max. 10000000)

